[35m[Appium][39m Welcome to Appium v1.22.3
[35m[Appium][39m Non-default server args:
[35m[Appium][39m   port: 50264
[35m[Appium][39m   loglevel: info
[35m[Appium][39m   tmpDir: /var/folders/1x/wj5dqxzs75z_yv5464ygh9rh0000gn/T//Katalon/Appium/Temp1693553382510
[35m[Appium][39m   chromedriverPort: 50266
[35m[Appium][39m Deprecated server args:
[35m[Appium][39m   [31m--chromedriver-port[39m => --default-capabilities
[35m[Appium][39m Default capabilities, which will be added to each request unless overridden by desired capabilities:
[35m[Appium][39m   chromedriverPort: 50266
[35m[Appium][39m Appium REST http interface listener started on 0.0.0.0:50264
[35m[HTTP][39m [37m-->[39m [37mGET[39m [37m/wd/hub/status[39m
[35m[HTTP][39m [90m{}[39m
[35m[HTTP][39m [37m<-- GET /wd/hub/status [39m[32m200[39m [90m9 ms - 68[39m
[35m[HTTP][39m [90m[39m
[35m[HTTP][39m [37m-->[39m [37mGET[39m [37m/wd/hub/status[39m
[35m[HTTP][39m [90m{}[39m
[35m[HTTP][39m [37m<-- GET /wd/hub/status [39m[32m200[39m [90m2 ms - 68[39m
[35m[HTTP][39m [90m[39m
[35m[HTTP][39m [37m-->[39m [37mPOST[39m [37m/wd/hub/session[39m
[35m[HTTP][39m [90m{"desiredCapabilities":{"app":"/Users/agfinaaliarahma/git/katalon-web-agfina-girlsintech-mobile-assignment3/APK/Solodroid_E-CommerceApp Demo_3.2.0.apk","noReset":true,"deviceName":"emulator-5554 (Android SDK built for x86 - Android 7.0)","fullReset":false,"platform":"ANDROID","newCommandTimeout":1800,"platformVersion":"7.0","automationName":"uiautomator2","autoGrantPermissions":true,"platformName":"Android","udid":"emulator-5554","systemPort":50282},"capabilities":{"firstMatch":[{"appium:app":"/Users/agfinaaliarahma/git/katalon-web-agfina-girlsintech-mobile-assignment3/APK/Solodroid_E-CommerceApp Demo_3.2.0.apk","appium:autoGrantPermissions":true,"appium:automationName":"uiautomator2","appium:deviceName":"emulator-5554 (Android SDK built for x86 - Android 7.0)","appium:fullReset":false,"appium:newCommandTimeout":1800,"appium:noReset":true,"platform":"ANDROID","platformName":"android","appium:platformVersion":"7.0","appium:systemPort":50282,"appium:udid":"emulator-5554"}]}}[39m
[35m[BaseDriver][39m The following capabilities are not standard capabilities and should have an extension prefix:
[35m[BaseDriver][39m   platform
[35m[BaseDriver][39m   chromedriverPort
[35m[Appium][39m Appium v1.22.3 creating new AndroidUiautomator2Driver (v1.70.1) session
[35m[BaseDriver][39m The following capabilities were provided, but are not recognized by Appium:
[35m[BaseDriver][39m   platform
[35m[BaseDriver][39m Session created with session id: de5bd618-a419-4f6e-b7fc-aea0e3f80fa3
[35m[BaseDriver][39m Using local app '/Users/agfinaaliarahma/git/katalon-web-agfina-girlsintech-mobile-assignment3/APK/Solodroid_E-CommerceApp Demo_3.2.0.apk'
[35m[ADB][39m Found 1 'build-tools' folders under '/Users/agfinaaliarahma/.katalon/tools/android_sdk' (newest first):
[35m[ADB][39m     /Users/agfinaaliarahma/.katalon/tools/android_sdk/build-tools/29.0.3
[35m[ADB][39m Using 'adb' from '/Users/agfinaaliarahma/.katalon/tools/android_sdk/platform-tools/adb'
[35m[AndroidDriver][39m Retrieving device list
[35m[AndroidDriver][39m Using device: emulator-5554
[35m[ADB][39m Using 'adb' from '/Users/agfinaaliarahma/.katalon/tools/android_sdk/platform-tools/adb'
[35m[ADB][39m Package name: 'com.solodroid.solomerce'
[35m[ADB][39m Main activity name: 'com.solodroid.solomerce.activities.ActivitySplash'
[35m[ADB][39m Using 'apksigner.jar' from '/Users/agfinaaliarahma/.katalon/tools/android_sdk/build-tools/29.0.3/lib/apksigner.jar'
[35m[ADB][39m '/Users/agfinaaliarahma/.nvm/versions/node/v18.17.1/lib/node_modules/appium/node_modules/appium-uiautomator2-server/apks/appium-uiautomator2-server-v4.27.0.apk' is signed with the default certificate
[35m[ADB][39m '/Users/agfinaaliarahma/.nvm/versions/node/v18.17.1/lib/node_modules/appium/node_modules/appium-uiautomator2-server/apks/appium-uiautomator2-server-debug-androidTest.apk' is signed with the default certificate
[35m[UiAutomator2][39m Server packages are not going to be (re)installed
[35m[ADB][39m Adding packages ["io.appium.settings","io.appium.uiautomator2.server","io.appium.uiautomator2.server.test"] to Doze whitelist
[35m[ADB][39m '/Users/agfinaaliarahma/git/katalon-web-agfina-girlsintech-mobile-assignment3/APK/Solodroid_E-CommerceApp Demo_3.2.0.apk' is signed with a non-default certificate
[35m[ADB][39m The application at '/Users/agfinaaliarahma/git/katalon-web-agfina-girlsintech-mobile-assignment3/APK/Solodroid_E-CommerceApp Demo_3.2.0.apk' will not be cached, because the device under test has confirmed the support of streamed installs
[35m[ADB][39m The installation of 'Solodroid_E-CommerceApp Demo_3.2.0.apk' took 1712ms
[35m[UiAutomator2][39m Starting UIAutomator2 server 4.27.0
[35m[UiAutomator2][39m Using UIAutomator2 server from '/Users/agfinaaliarahma/.nvm/versions/node/v18.17.1/lib/node_modules/appium/node_modules/appium-uiautomator2-server/apks/appium-uiautomator2-server-v4.27.0.apk' and test from '/Users/agfinaaliarahma/.nvm/versions/node/v18.17.1/lib/node_modules/appium/node_modules/appium-uiautomator2-server/apks/appium-uiautomator2-server-debug-androidTest.apk'
[35m[UiAutomator2][39m Waiting up to 30000ms for UiAutomator2 to be online...
[35m[WD Proxy][39m socket hang up
[35m[WD Proxy][39m socket hang up
[35m[WD Proxy][39m Determined the downstream protocol as 'W3C'
[35m[AndroidDriver][39m Screen already unlocked, doing nothing
[35m[UiAutomator2][39m Starting 'com.solodroid.solomerce/com.solodroid.solomerce.activities.ActivitySplash and waiting for 'com.solodroid.solomerce/com.solodroid.solomerce.activities.ActivitySplash'
[35m[Appium][39m New AndroidUiautomator2Driver session created successfully, session de5bd618-a419-4f6e-b7fc-aea0e3f80fa3 added to master session list
[35m[HTTP][39m [37m<-- POST /wd/hub/session [39m[32m200[39m [90m12044 ms - 1448[39m
[35m[HTTP][39m [90m[39m
[35m[HTTP][39m [37m-->[39m [37mGET[39m [37m/wd/hub/session/de5bd618-a419-4f6e-b7fc-aea0e3f80fa3[39m
[35m[HTTP][39m [90m{}[39m
[35m[HTTP][39m [37m<-- GET /wd/hub/session/de5bd618-a419-4f6e-b7fc-aea0e3f80fa3 [39m[32m200[39m [90m12 ms - 1402[39m
[35m[HTTP][39m [90m[39m
[35m[HTTP][39m [37m-->[39m [37mGET[39m [37m/wd/hub/session/de5bd618-a419-4f6e-b7fc-aea0e3f80fa3[39m
[35m[HTTP][39m [90m{}[39m
[35m[HTTP][39m [37m<-- GET /wd/hub/session/de5bd618-a419-4f6e-b7fc-aea0e3f80fa3 [39m[32m200[39m [90m15 ms - 1402[39m
[35m[HTTP][39m [90m[39m
[35m[HTTP][39m [37m-->[39m [37mGET[39m [37m/wd/hub/status[39m
[35m[HTTP][39m [90m{}[39m
[35m[HTTP][39m [37m<-- GET /wd/hub/status [39m[32m200[39m [90m1 ms - 68[39m
[35m[HTTP][39m [90m[39m
[35m[HTTP][39m [37m-->[39m [37mPOST[39m [37m/wd/hub/session/de5bd618-a419-4f6e-b7fc-aea0e3f80fa3/timeouts[39m
[35m[HTTP][39m [90m{"implicit":60000}[39m
[35m[HTTP][39m [37m<-- POST /wd/hub/session/de5bd618-a419-4f6e-b7fc-aea0e3f80fa3/timeouts [39m[32m200[39m [90m3 ms - 14[39m
[35m[HTTP][39m [90m[39m
[35m[HTTP][39m [37m-->[39m [37mGET[39m [37m/wd/hub/session/de5bd618-a419-4f6e-b7fc-aea0e3f80fa3/source[39m
[35m[HTTP][39m [90m{}[39m
[35m[W3C (de5bd618)][39m Driver proxy active, passing request on via HTTP proxy
[35m[WD Proxy][39m Replacing sessionId 71d77096-1c01-4c93-8755-243d2c7a6129 with de5bd618-a419-4f6e-b7fc-aea0e3f80fa3
[35m[HTTP][39m [37m<-- GET /wd/hub/session/de5bd618-a419-4f6e-b7fc-aea0e3f80fa3/source [39m[32m200[39m [90m232 ms - 3679[39m
[35m[HTTP][39m [90m[39m
[35m[HTTP][39m [37m-->[39m [37mGET[39m [37m/wd/hub/session/de5bd618-a419-4f6e-b7fc-aea0e3f80fa3/screenshot[39m
[35m[HTTP][39m [90m{}[39m
[35m[HTTP][39m [37m<-- GET /wd/hub/session/de5bd618-a419-4f6e-b7fc-aea0e3f80fa3/screenshot [39m[32m200[39m [90m487 ms - 306758[39m
[35m[HTTP][39m [90m[39m
[35m[HTTP][39m [37m-->[39m [37mGET[39m [37m/wd/hub/session/de5bd618-a419-4f6e-b7fc-aea0e3f80fa3/source[39m
[35m[HTTP][39m [90m{}[39m
[35m[W3C (de5bd618)][39m Driver proxy active, passing request on via HTTP proxy
[35m[WD Proxy][39m Replacing sessionId 71d77096-1c01-4c93-8755-243d2c7a6129 with de5bd618-a419-4f6e-b7fc-aea0e3f80fa3
[35m[HTTP][39m [37m<-- GET /wd/hub/session/de5bd618-a419-4f6e-b7fc-aea0e3f80fa3/source [39m[32m200[39m [90m153 ms - 26210[39m
[35m[HTTP][39m [90m[39m
[35m[HTTP][39m [37m-->[39m [37mGET[39m [37m/wd/hub/session/de5bd618-a419-4f6e-b7fc-aea0e3f80fa3/screenshot[39m
[35m[HTTP][39m [90m{}[39m
[35m[HTTP][39m [37m<-- GET /wd/hub/session/de5bd618-a419-4f6e-b7fc-aea0e3f80fa3/screenshot [39m[32m200[39m [90m341 ms - 106060[39m
[35m[HTTP][39m [90m[39m
[35m[HTTP][39m [37m-->[39m [37mPOST[39m [37m/wd/hub/session/de5bd618-a419-4f6e-b7fc-aea0e3f80fa3/elements[39m
[35m[HTTP][39m [90m{"using":"xpath","value":"//*[@class = 'android.widget.TextView' and (@text = 'Help' or . = 'Help')]"}[39m
[35m[HTTP][39m [37m<-- POST /wd/hub/session/de5bd618-a419-4f6e-b7fc-aea0e3f80fa3/elements [39m[32m200[39m [90m308 ms - 267[39m
[35m[HTTP][39m [90m[39m
[35m[HTTP][39m [37m-->[39m [37mPOST[39m [37m/wd/hub/session/de5bd618-a419-4f6e-b7fc-aea0e3f80fa3/elements[39m
[35m[HTTP][39m [90m{"using":"-android uiautomator","value":"new UiSelector().className(\"android.widget.TextView\").text(\"Help\")"}[39m
[35m[HTTP][39m [37m<-- POST /wd/hub/session/de5bd618-a419-4f6e-b7fc-aea0e3f80fa3/elements [39m[32m200[39m [90m43 ms - 267[39m
[35m[HTTP][39m [90m[39m
[35m[HTTP][39m [37m-->[39m [37mPOST[39m [37m/wd/hub/session/de5bd618-a419-4f6e-b7fc-aea0e3f80fa3/elements[39m
[35m[HTTP][39m [90m{"using":"xpath","value":"//*[@class = 'android.widget.ImageButton' and @resource-id = 'com.solodroid.solomerce:id/btn_add_cart' and (@text = '' or . = '')]"}[39m
[35m[HTTP][39m [37m<-- POST /wd/hub/session/de5bd618-a419-4f6e-b7fc-aea0e3f80fa3/elements [39m[32m200[39m [90m156 ms - 139[39m
[35m[HTTP][39m [90m[39m
[35m[HTTP][39m [37m-->[39m [37mPOST[39m [37m/wd/hub/session/de5bd618-a419-4f6e-b7fc-aea0e3f80fa3/elements[39m
[35m[HTTP][39m [90m{"using":"xpath","value":"//*[@class = 'android.widget.RelativeLayout' and (@text = '' or . = '')]"}[39m
[35m[HTTP][39m [37m<-- POST /wd/hub/session/de5bd618-a419-4f6e-b7fc-aea0e3f80fa3/elements [39m[32m200[39m [90m123 ms - 907[39m
[35m[HTTP][39m [90m[39m
[35m[HTTP][39m [37m-->[39m [37mPOST[39m [37m/wd/hub/session/de5bd618-a419-4f6e-b7fc-aea0e3f80fa3/elements[39m
[35m[HTTP][39m [90m{"using":"-android uiautomator","value":"new UiSelector().className(\"android.widget.RelativeLayout\")"}[39m
[35m[HTTP][39m [37m<-- POST /wd/hub/session/de5bd618-a419-4f6e-b7fc-aea0e3f80fa3/elements [39m[32m200[39m [90m66 ms - 907[39m
[35m[HTTP][39m [90m[39m
[35m[HTTP][39m [37m-->[39m [37mPOST[39m [37m/wd/hub/session/de5bd618-a419-4f6e-b7fc-aea0e3f80fa3/elements[39m
[35m[HTTP][39m [90m{"using":"xpath","value":"//*[@class = 'android.widget.RelativeLayout' and (@text = '' or . = '')]"}[39m
[35m[HTTP][39m [37m<-- POST /wd/hub/session/de5bd618-a419-4f6e-b7fc-aea0e3f80fa3/elements [39m[32m200[39m [90m129 ms - 907[39m
[35m[HTTP][39m [90m[39m
[35m[HTTP][39m [37m-->[39m [37mPOST[39m [37m/wd/hub/session/de5bd618-a419-4f6e-b7fc-aea0e3f80fa3/elements[39m
[35m[HTTP][39m [90m{"using":"-android uiautomator","value":"new UiSelector().className(\"android.widget.RelativeLayout\")"}[39m
[35m[HTTP][39m [37m<-- POST /wd/hub/session/de5bd618-a419-4f6e-b7fc-aea0e3f80fa3/elements [39m[32m200[39m [90m65 ms - 907[39m
[35m[HTTP][39m [90m[39m
[35m[HTTP][39m [37m-->[39m [37mPOST[39m [37m/wd/hub/session/de5bd618-a419-4f6e-b7fc-aea0e3f80fa3/elements[39m
[35m[HTTP][39m [90m{"using":"xpath","value":"//*[@class = 'android.widget.RelativeLayout' and (@text = '' or . = '')]"}[39m
[35m[HTTP][39m [37m<-- POST /wd/hub/session/de5bd618-a419-4f6e-b7fc-aea0e3f80fa3/elements [39m[32m200[39m [90m88 ms - 907[39m
[35m[HTTP][39m [90m[39m
[35m[HTTP][39m [37m-->[39m [37mPOST[39m [37m/wd/hub/session/de5bd618-a419-4f6e-b7fc-aea0e3f80fa3/elements[39m
[35m[HTTP][39m [90m{"using":"-android uiautomator","value":"new UiSelector().className(\"android.widget.RelativeLayout\")"}[39m
[35m[HTTP][39m [37m<-- POST /wd/hub/session/de5bd618-a419-4f6e-b7fc-aea0e3f80fa3/elements [39m[32m200[39m [90m64 ms - 907[39m
[35m[HTTP][39m [90m[39m
[35m[HTTP][39m [37m-->[39m [37mPOST[39m [37m/wd/hub/session/de5bd618-a419-4f6e-b7fc-aea0e3f80fa3/elements[39m
[35m[HTTP][39m [90m{"using":"xpath","value":"//*[@class = 'android.widget.RelativeLayout' and (@text = '' or . = '')]"}[39m
[35m[HTTP][39m [37m<-- POST /wd/hub/session/de5bd618-a419-4f6e-b7fc-aea0e3f80fa3/elements [39m[32m200[39m [90m126 ms - 907[39m
[35m[HTTP][39m [90m[39m
[35m[HTTP][39m [37m-->[39m [37mPOST[39m [37m/wd/hub/session/de5bd618-a419-4f6e-b7fc-aea0e3f80fa3/elements[39m
[35m[HTTP][39m [90m{"using":"-android uiautomator","value":"new UiSelector().className(\"android.widget.RelativeLayout\")"}[39m
[35m[HTTP][39m [37m<-- POST /wd/hub/session/de5bd618-a419-4f6e-b7fc-aea0e3f80fa3/elements [39m[32m200[39m [90m92 ms - 907[39m
[35m[HTTP][39m [90m[39m
[35m[HTTP][39m [37m-->[39m [37mPOST[39m [37m/wd/hub/session/de5bd618-a419-4f6e-b7fc-aea0e3f80fa3/elements[39m
[35m[HTTP][39m [90m{"using":"xpath","value":"//*[@class = 'android.widget.RelativeLayout' and (@text = '' or . = '')]"}[39m
[35m[HTTP][39m [37m<-- POST /wd/hub/session/de5bd618-a419-4f6e-b7fc-aea0e3f80fa3/elements [39m[32m200[39m [90m132 ms - 907[39m
[35m[HTTP][39m [90m[39m
[35m[HTTP][39m [37m-->[39m [37mPOST[39m [37m/wd/hub/session/de5bd618-a419-4f6e-b7fc-aea0e3f80fa3/elements[39m
[35m[HTTP][39m [90m{"using":"-android uiautomator","value":"new UiSelector().className(\"android.widget.RelativeLayout\")"}[39m
[35m[HTTP][39m [37m<-- POST /wd/hub/session/de5bd618-a419-4f6e-b7fc-aea0e3f80fa3/elements [39m[32m200[39m [90m67 ms - 907[39m
[35m[HTTP][39m [90m[39m
[35m[HTTP][39m [37m-->[39m [37mGET[39m [37m/wd/hub/session/de5bd618-a419-4f6e-b7fc-aea0e3f80fa3/source[39m
[35m[HTTP][39m [90m{}[39m
[35m[W3C (de5bd618)][39m Driver proxy active, passing request on via HTTP proxy
[35m[WD Proxy][39m Replacing sessionId 71d77096-1c01-4c93-8755-243d2c7a6129 with de5bd618-a419-4f6e-b7fc-aea0e3f80fa3
[35m[HTTP][39m [37m<-- GET /wd/hub/session/de5bd618-a419-4f6e-b7fc-aea0e3f80fa3/source [39m[32m200[39m [90m187 ms - 13186[39m
[35m[HTTP][39m [90m[39m
[35m[HTTP][39m [37m-->[39m [37mGET[39m [37m/wd/hub/session/de5bd618-a419-4f6e-b7fc-aea0e3f80fa3/screenshot[39m
[35m[HTTP][39m [90m{}[39m
[35m[HTTP][39m [37m<-- GET /wd/hub/session/de5bd618-a419-4f6e-b7fc-aea0e3f80fa3/screenshot [39m[32m200[39m [90m485 ms - 374352[39m
[35m[HTTP][39m [90m[39m
[35m[HTTP][39m [37m-->[39m [37mPOST[39m [37m/wd/hub/session/de5bd618-a419-4f6e-b7fc-aea0e3f80fa3/elements[39m
[35m[HTTP][39m [90m{"using":"xpath","value":"//*[@class = 'android.widget.TextView' and (@text = 'How to order' or . = 'How to order')]"}[39m
[35m[HTTP][39m [37m<-- POST /wd/hub/session/de5bd618-a419-4f6e-b7fc-aea0e3f80fa3/elements [39m[32m200[39m [90m52 ms - 139[39m
[35m[HTTP][39m [90m[39m
[35m[HTTP][39m [37m-->[39m [37mPOST[39m [37m/wd/hub/session/de5bd618-a419-4f6e-b7fc-aea0e3f80fa3/elements[39m
[35m[HTTP][39m [90m{"using":"xpath","value":"//*[@class = 'android.view.View' and (@text = '' or . = '')]"}[39m
[35m[HTTP][39m [37m<-- POST /wd/hub/session/de5bd618-a419-4f6e-b7fc-aea0e3f80fa3/elements [39m[32m200[39m [90m82 ms - 2059[39m
[35m[HTTP][39m [90m[39m
[35m[HTTP][39m [37m-->[39m [37mPOST[39m [37m/wd/hub/session/de5bd618-a419-4f6e-b7fc-aea0e3f80fa3/elements[39m
[35m[HTTP][39m [90m{"using":"accessibility id","value":"How To Shop At Solomerce Apps :"}[39m
[35m[HTTP][39m [37m<-- POST /wd/hub/session/de5bd618-a419-4f6e-b7fc-aea0e3f80fa3/elements [39m[32m200[39m [90m19 ms - 139[39m
[35m[HTTP][39m [90m[39m
[35m[HTTP][39m [37m-->[39m [37mPOST[39m [37m/wd/hub/session/de5bd618-a419-4f6e-b7fc-aea0e3f80fa3/elements[39m
[35m[HTTP][39m [90m{"using":"xpath","value":"//*[@class = 'android.widget.ListView' and (@text = '' or . = '')]"}[39m
[35m[HTTP][39m [37m<-- POST /wd/hub/session/de5bd618-a419-4f6e-b7fc-aea0e3f80fa3/elements [39m[32m200[39m [90m65 ms - 139[39m
[35m[HTTP][39m [90m[39m
[35m[HTTP][39m [37m-->[39m [37mGET[39m [37m/wd/hub/session/de5bd618-a419-4f6e-b7fc-aea0e3f80fa3/source[39m
[35m[HTTP][39m [90m{}[39m
[35m[W3C (de5bd618)][39m Driver proxy active, passing request on via HTTP proxy
[35m[WD Proxy][39m Replacing sessionId 71d77096-1c01-4c93-8755-243d2c7a6129 with de5bd618-a419-4f6e-b7fc-aea0e3f80fa3
[35m[HTTP][39m [37m<-- GET /wd/hub/session/de5bd618-a419-4f6e-b7fc-aea0e3f80fa3/source [39m[32m200[39m [90m175 ms - 20917[39m
[35m[HTTP][39m [90m[39m
[35m[HTTP][39m [37m-->[39m [37mGET[39m [37m/wd/hub/session/de5bd618-a419-4f6e-b7fc-aea0e3f80fa3/screenshot[39m
[35m[HTTP][39m [90m{}[39m
[35m[HTTP][39m [37m<-- GET /wd/hub/session/de5bd618-a419-4f6e-b7fc-aea0e3f80fa3/screenshot [39m[32m200[39m [90m392 ms - 291158[39m
[35m[HTTP][39m [90m[39m
[35m[HTTP][39m [37m-->[39m [37mPOST[39m [37m/wd/hub/session/de5bd618-a419-4f6e-b7fc-aea0e3f80fa3/elements[39m
[35m[HTTP][39m [90m{"using":"xpath","value":"//*[@class = 'android.widget.TextView' and (@text = 'Payment' or . = 'Payment')]"}[39m
[35m[HTTP][39m [37m<-- POST /wd/hub/session/de5bd618-a419-4f6e-b7fc-aea0e3f80fa3/elements [39m[32m200[39m [90m63 ms - 139[39m
[35m[HTTP][39m [90m[39m
[35m[HTTP][39m [37m-->[39m [37mPOST[39m [37m/wd/hub/session/de5bd618-a419-4f6e-b7fc-aea0e3f80fa3/elements[39m
[35m[HTTP][39m [90m{"using":"xpath","value":"//*[@class = 'android.webkit.WebView' and (@text = '' or . = '')]"}[39m
[35m[HTTP][39m [37m<-- POST /wd/hub/session/de5bd618-a419-4f6e-b7fc-aea0e3f80fa3/elements [39m[32m200[39m [90m111 ms - 267[39m
[35m[HTTP][39m [90m[39m
[35m[HTTP][39m [37m-->[39m [37mPOST[39m [37m/wd/hub/session/de5bd618-a419-4f6e-b7fc-aea0e3f80fa3/elements[39m
[35m[HTTP][39m [90m{"using":"-android uiautomator","value":"new UiSelector().className(\"android.webkit.WebView\")"}[39m
[35m[HTTP][39m [37m<-- POST /wd/hub/session/de5bd618-a419-4f6e-b7fc-aea0e3f80fa3/elements [39m[32m200[39m [90m38 ms - 267[39m
[35m[HTTP][39m [90m[39m
[35m[BaseDriver][39m Shutting down because we waited 1800 seconds for a command
[35m[Appium][39m Closing session, cause was 'New Command Timeout of 1800 seconds expired. Try customizing the timeout using the 'newCommandTimeout' desired capability'
[35m[Appium][39m Removing session 'de5bd618-a419-4f6e-b7fc-aea0e3f80fa3' from our master session list
