[35m[Appium][39m Welcome to Appium v1.22.3
[35m[Appium][39m Non-default server args:
[35m[Appium][39m   port: 54040
[35m[Appium][39m   loglevel: info
[35m[Appium][39m   tmpDir: /var/folders/1x/wj5dqxzs75z_yv5464ygh9rh0000gn/T//Katalon/Appium/Temp1693559367411
[35m[Appium][39m   chromedriverPort: 54043
[35m[Appium][39m Deprecated server args:
[35m[Appium][39m   [31m--chromedriver-port[39m => --default-capabilities
[35m[Appium][39m Default capabilities, which will be added to each request unless overridden by desired capabilities:
[35m[Appium][39m   chromedriverPort: 54043
[35m[Appium][39m Appium REST http interface listener started on 0.0.0.0:54040
[35m[HTTP][39m [37m-->[39m [37mGET[39m [37m/wd/hub/status[39m
[35m[HTTP][39m [90m{}[39m
[35m[HTTP][39m [37m<-- GET /wd/hub/status [39m[32m200[39m [90m6 ms - 68[39m
[35m[HTTP][39m [90m[39m
[35m[HTTP][39m [37m-->[39m [37mPOST[39m [37m/wd/hub/session[39m
[35m[HTTP][39m [90m{"desiredCapabilities":{"appActivity":".Settings","appPackage":"com.android.settings","newCommandTimeout":1800,"platformVersion":"7.0","automationName":"uiautomator2","autoGrantPermissions":true,"platformName":"Android","udid":"emulator-5554","deviceName":"emulator-5554 (Android SDK built for x86 - Android 7.0)","platform":"ANDROID","systemPort":8238},"capabilities":{"firstMatch":[{"appium:appActivity":".Settings","appium:appPackage":"com.android.settings","appium:autoGrantPermissions":true,"appium:automationName":"uiautomator2","appium:deviceName":"emulator-5554 (Android SDK built for x86 - Android 7.0)","appium:newCommandTimeout":1800,"platform":"ANDROID","platformName":"android","appium:platformVersion":"7.0","appium:systemPort":8238,"appium:udid":"emulator-5554"}]}}[39m
[35m[BaseDriver][39m The following capabilities are not standard capabilities and should have an extension prefix:
[35m[BaseDriver][39m   platform
[35m[BaseDriver][39m   chromedriverPort
[35m[Appium][39m Appium v1.22.3 creating new AndroidUiautomator2Driver (v1.70.1) session
[35m[BaseDriver][39m The following capabilities were provided, but are not recognized by Appium:
[35m[BaseDriver][39m   platform
[35m[BaseDriver][39m Session created with session id: 263dc9de-a11d-40f6-ad27-2e8831b7aca0
[35m[UiAutomator2][39m Starting 'com.android.settings' directly on the device
[35m[ADB][39m Found 1 'build-tools' folders under '/Users/agfinaaliarahma/.katalon/tools/android_sdk' (newest first):
[35m[ADB][39m     /Users/agfinaaliarahma/.katalon/tools/android_sdk/build-tools/29.0.3
[35m[ADB][39m Using 'adb' from '/Users/agfinaaliarahma/.katalon/tools/android_sdk/platform-tools/adb'
[35m[AndroidDriver][39m Retrieving device list
[35m[AndroidDriver][39m Using device: emulator-5554
[35m[ADB][39m Using 'adb' from '/Users/agfinaaliarahma/.katalon/tools/android_sdk/platform-tools/adb'
[35m[AndroidDriver][39m No app sent in, not parsing package/activity
[35m[ADB][39m Using 'apksigner.jar' from '/Users/agfinaaliarahma/.katalon/tools/android_sdk/build-tools/29.0.3/lib/apksigner.jar'
[35m[ADB][39m '/Users/agfinaaliarahma/.nvm/versions/node/v18.17.1/lib/node_modules/appium/node_modules/appium-uiautomator2-server/apks/appium-uiautomator2-server-v4.27.0.apk' is signed with the default certificate
[35m[ADB][39m '/Users/agfinaaliarahma/.nvm/versions/node/v18.17.1/lib/node_modules/appium/node_modules/appium-uiautomator2-server/apks/appium-uiautomator2-server-debug-androidTest.apk' is signed with the default certificate
[35m[UiAutomator2][39m Server packages are not going to be (re)installed
[35m[ADB][39m Adding packages ["io.appium.settings","io.appium.uiautomator2.server","io.appium.uiautomator2.server.test"] to Doze whitelist
[35m[UiAutomator2][39m Starting UIAutomator2 server 4.27.0
[35m[UiAutomator2][39m Using UIAutomator2 server from '/Users/agfinaaliarahma/.nvm/versions/node/v18.17.1/lib/node_modules/appium/node_modules/appium-uiautomator2-server/apks/appium-uiautomator2-server-v4.27.0.apk' and test from '/Users/agfinaaliarahma/.nvm/versions/node/v18.17.1/lib/node_modules/appium/node_modules/appium-uiautomator2-server/apks/appium-uiautomator2-server-debug-androidTest.apk'
[35m[UiAutomator2][39m Waiting up to 30000ms for UiAutomator2 to be online...
[35m[WD Proxy][39m socket hang up
[35m[WD Proxy][39m socket hang up
[35m[WD Proxy][39m Determined the downstream protocol as 'W3C'
[35m[AndroidDriver][39m Screen already unlocked, doing nothing
[35m[UiAutomator2][39m Starting 'com.android.settings/.Settings and waiting for 'com.android.settings/.Settings'
[35m[Appium][39m New AndroidUiautomator2Driver session created successfully, session 263dc9de-a11d-40f6-ad27-2e8831b7aca0 added to master session list
[35m[HTTP][39m [37m<-- POST /wd/hub/session [39m[32m200[39m [90m9830 ms - 1209[39m
[35m[HTTP][39m [90m[39m
[35m[HTTP][39m [37m-->[39m [37mGET[39m [37m/wd/hub/session/263dc9de-a11d-40f6-ad27-2e8831b7aca0[39m
[35m[HTTP][39m [90m{}[39m
[35m[HTTP][39m [37m<-- GET /wd/hub/session/263dc9de-a11d-40f6-ad27-2e8831b7aca0 [39m[32m200[39m [90m22 ms - 1163[39m
[35m[HTTP][39m [90m[39m
[35m[HTTP][39m [37m-->[39m [37mGET[39m [37m/wd/hub/session/263dc9de-a11d-40f6-ad27-2e8831b7aca0[39m
[35m[HTTP][39m [90m{}[39m
[35m[HTTP][39m [37m<-- GET /wd/hub/session/263dc9de-a11d-40f6-ad27-2e8831b7aca0 [39m[32m200[39m [90m19 ms - 1163[39m
[35m[HTTP][39m [90m[39m
[35m[HTTP][39m [37m-->[39m [37mGET[39m [37m/wd/hub/status[39m
[35m[HTTP][39m [90m{}[39m
[35m[HTTP][39m [37m<-- GET /wd/hub/status [39m[32m200[39m [90m1 ms - 68[39m
[35m[HTTP][39m [90m[39m
[35m[HTTP][39m [37m-->[39m [37mPOST[39m [37m/wd/hub/session/263dc9de-a11d-40f6-ad27-2e8831b7aca0/timeouts[39m
[35m[HTTP][39m [90m{"implicit":30000}[39m
[35m[HTTP][39m [37m<-- POST /wd/hub/session/263dc9de-a11d-40f6-ad27-2e8831b7aca0/timeouts [39m[32m200[39m [90m4 ms - 14[39m
[35m[HTTP][39m [90m[39m
[35m[HTTP][39m [37m-->[39m [37mGET[39m [37m/wd/hub/session/263dc9de-a11d-40f6-ad27-2e8831b7aca0/screenshot[39m
[35m[HTTP][39m [90m{}[39m
[35m[HTTP][39m [37m<-- GET /wd/hub/session/263dc9de-a11d-40f6-ad27-2e8831b7aca0/screenshot [39m[32m200[39m [90m621 ms - 159752[39m
[35m[HTTP][39m [90m[39m
[35m[HTTP][39m [37m-->[39m [37mGET[39m [37m/wd/hub/session/263dc9de-a11d-40f6-ad27-2e8831b7aca0/window/rect[39m
[35m[HTTP][39m [90m{}[39m
[35m[HTTP][39m [37m<-- GET /wd/hub/session/263dc9de-a11d-40f6-ad27-2e8831b7aca0/window/rect [39m[32m200[39m [90m20 ms - 50[39m
[35m[HTTP][39m [90m[39m
[35m[HTTP][39m [37m-->[39m [37mGET[39m [37m/wd/hub/session/263dc9de-a11d-40f6-ad27-2e8831b7aca0/appium/device/system_bars[39m
[35m[HTTP][39m [90m{}[39m
[35m[HTTP][39m [37m<-- GET /wd/hub/session/263dc9de-a11d-40f6-ad27-2e8831b7aca0/appium/device/system_bars [39m[32m200[39m [90m60 ms - 151[39m
[35m[HTTP][39m [90m[39m
[35m[HTTP][39m [37m-->[39m [37mPOST[39m [37m/wd/hub/session/263dc9de-a11d-40f6-ad27-2e8831b7aca0/appium/device/activate_app[39m
[35m[HTTP][39m [90m{"bundleId":"com.solodroid.solomerce"}[39m
[35m[HTTP][39m [37m<-- POST /wd/hub/session/263dc9de-a11d-40f6-ad27-2e8831b7aca0/appium/device/activate_app [39m[32m200[39m [90m683 ms - 14[39m
[35m[HTTP][39m [90m[39m
[35m[HTTP][39m [37m-->[39m [37mPOST[39m [37m/wd/hub/session/263dc9de-a11d-40f6-ad27-2e8831b7aca0/timeouts[39m
[35m[HTTP][39m [90m{"implicit":50}[39m
[35m[HTTP][39m [37m<-- POST /wd/hub/session/263dc9de-a11d-40f6-ad27-2e8831b7aca0/timeouts [39m[32m200[39m [90m3 ms - 14[39m
[35m[HTTP][39m [90m[39m
[35m[HTTP][39m [37m-->[39m [37mGET[39m [37m/wd/hub/session/263dc9de-a11d-40f6-ad27-2e8831b7aca0/window/rect[39m
[35m[HTTP][39m [90m{}[39m
[35m[HTTP][39m [37m<-- GET /wd/hub/session/263dc9de-a11d-40f6-ad27-2e8831b7aca0/window/rect [39m[32m200[39m [90m18 ms - 50[39m
[35m[HTTP][39m [90m[39m
[35m[HTTP][39m [37m-->[39m [37mPOST[39m [37m/wd/hub/session/263dc9de-a11d-40f6-ad27-2e8831b7aca0/elements[39m
[35m[HTTP][39m [90m{"using":"xpath","value":"//*[@class = 'android.widget.FrameLayout' and @resource-id = 'com.solodroid.solomerce:id/nav_info' and (@text = '' or . = '')]"}[39m
[35m[HTTP][39m [37m<-- POST /wd/hub/session/263dc9de-a11d-40f6-ad27-2e8831b7aca0/elements [39m[32m200[39m [90m946 ms - 139[39m
[35m[HTTP][39m [90m[39m
[35m[HTTP][39m [37m-->[39m [37mGET[39m [37m/wd/hub/session/263dc9de-a11d-40f6-ad27-2e8831b7aca0/element/00000000-0000-006a-7fff-ffff00000222/location[39m
[35m[HTTP][39m [90m{}[39m
[35m[W3C (263dc9de)][39m Driver proxy active, passing request on via HTTP proxy
[35m[WD Proxy][39m Replacing sessionId 6516ff17-db5a-4f7a-8334-3cbc6077ff36 with 263dc9de-a11d-40f6-ad27-2e8831b7aca0
[35m[HTTP][39m [37m<-- GET /wd/hub/session/263dc9de-a11d-40f6-ad27-2e8831b7aca0/element/00000000-0000-006a-7fff-ffff00000222/location [39m[32m200[39m [90m212 ms - 79[39m
[35m[HTTP][39m [90m[39m
[35m[HTTP][39m [37m-->[39m [37mPOST[39m [37m/wd/hub/session/263dc9de-a11d-40f6-ad27-2e8831b7aca0/timeouts[39m
[35m[HTTP][39m [90m{"implicit":30000}[39m
[35m[HTTP][39m [37m<-- POST /wd/hub/session/263dc9de-a11d-40f6-ad27-2e8831b7aca0/timeouts [39m[32m200[39m [90m1 ms - 14[39m
[35m[HTTP][39m [90m[39m
[35m[HTTP][39m [37m-->[39m [37mPOST[39m [37m/wd/hub/session/263dc9de-a11d-40f6-ad27-2e8831b7aca0/element/00000000-0000-006a-7fff-ffff00000222/click[39m
[35m[HTTP][39m [90m{"id":"00000000-0000-006a-7fff-ffff00000222"}[39m
[35m[HTTP][39m [37m<-- POST /wd/hub/session/263dc9de-a11d-40f6-ad27-2e8831b7aca0/element/00000000-0000-006a-7fff-ffff00000222/click [39m[32m200[39m [90m26 ms - 14[39m
[35m[HTTP][39m [90m[39m
[35m[HTTP][39m [37m-->[39m [37mPOST[39m [37m/wd/hub/session/263dc9de-a11d-40f6-ad27-2e8831b7aca0/timeouts[39m
[35m[HTTP][39m [90m{"implicit":50}[39m
[35m[HTTP][39m [37m<-- POST /wd/hub/session/263dc9de-a11d-40f6-ad27-2e8831b7aca0/timeouts [39m[32m200[39m [90m1 ms - 14[39m
[35m[HTTP][39m [90m[39m
[35m[HTTP][39m [37m-->[39m [37mGET[39m [37m/wd/hub/session/263dc9de-a11d-40f6-ad27-2e8831b7aca0/window/rect[39m
[35m[HTTP][39m [90m{}[39m
[35m[HTTP][39m [37m<-- GET /wd/hub/session/263dc9de-a11d-40f6-ad27-2e8831b7aca0/window/rect [39m[32m200[39m [90m15 ms - 50[39m
[35m[HTTP][39m [90m[39m
[35m[HTTP][39m [37m-->[39m [37mPOST[39m [37m/wd/hub/session/263dc9de-a11d-40f6-ad27-2e8831b7aca0/elements[39m
[35m[HTTP][39m [90m{"using":"xpath","value":"//hierarchy/android.widget.FrameLayout[1]/android.widget.LinearLayout[1]/android.widget.FrameLayout[1]/android.widget.LinearLayout[1]/android.widget.FrameLayout[1]/android.widget.RelativeLayout[1]/android.view.ViewGroup[1]/android.widget.LinearLayout[1]/android.widget.RelativeLayout[1]/android.view.ViewGroup[1]/android.widget.TextView[1]"}[39m
[35m[HTTP][39m [37m<-- POST /wd/hub/session/263dc9de-a11d-40f6-ad27-2e8831b7aca0/elements [39m[32m200[39m [90m759 ms - 139[39m
[35m[HTTP][39m [90m[39m
[35m[HTTP][39m [37m-->[39m [37mGET[39m [37m/wd/hub/session/263dc9de-a11d-40f6-ad27-2e8831b7aca0/element/00000000-0000-006a-7fff-ffff00000186/location[39m
[35m[HTTP][39m [90m{}[39m
[35m[W3C (263dc9de)][39m Driver proxy active, passing request on via HTTP proxy
[35m[WD Proxy][39m Replacing sessionId 6516ff17-db5a-4f7a-8334-3cbc6077ff36 with 263dc9de-a11d-40f6-ad27-2e8831b7aca0
[35m[HTTP][39m [37m<-- GET /wd/hub/session/263dc9de-a11d-40f6-ad27-2e8831b7aca0/element/00000000-0000-006a-7fff-ffff00000186/location [39m[32m200[39m [90m17 ms - 76[39m
[35m[HTTP][39m [90m[39m
[35m[HTTP][39m [37m-->[39m [37mPOST[39m [37m/wd/hub/session/263dc9de-a11d-40f6-ad27-2e8831b7aca0/timeouts[39m
[35m[HTTP][39m [90m{"implicit":30000}[39m
[35m[HTTP][39m [37m<-- POST /wd/hub/session/263dc9de-a11d-40f6-ad27-2e8831b7aca0/timeouts [39m[32m200[39m [90m2 ms - 14[39m
[35m[HTTP][39m [90m[39m
[35m[HTTP][39m [37m-->[39m [37mPOST[39m [37m/wd/hub/session/263dc9de-a11d-40f6-ad27-2e8831b7aca0/timeouts[39m
[35m[HTTP][39m [90m{"implicit":50}[39m
[35m[HTTP][39m [37m<-- POST /wd/hub/session/263dc9de-a11d-40f6-ad27-2e8831b7aca0/timeouts [39m[32m200[39m [90m1 ms - 14[39m
[35m[HTTP][39m [90m[39m
[35m[HTTP][39m [37m-->[39m [37mGET[39m [37m/wd/hub/session/263dc9de-a11d-40f6-ad27-2e8831b7aca0/window/rect[39m
[35m[HTTP][39m [90m{}[39m
[35m[HTTP][39m [37m<-- GET /wd/hub/session/263dc9de-a11d-40f6-ad27-2e8831b7aca0/window/rect [39m[32m200[39m [90m13 ms - 50[39m
[35m[HTTP][39m [90m[39m
[35m[HTTP][39m [37m-->[39m [37mPOST[39m [37m/wd/hub/session/263dc9de-a11d-40f6-ad27-2e8831b7aca0/elements[39m
[35m[HTTP][39m [90m{"using":"xpath","value":"//hierarchy/android.widget.FrameLayout[1]/android.widget.LinearLayout[1]/android.widget.FrameLayout[1]/android.widget.LinearLayout[1]/android.widget.FrameLayout[1]/android.widget.RelativeLayout[1]/android.view.ViewGroup[1]/android.widget.LinearLayout[1]/android.widget.RelativeLayout[1]/android.view.ViewGroup[1]/android.widget.TextView[1]"}[39m
[35m[HTTP][39m [37m<-- POST /wd/hub/session/263dc9de-a11d-40f6-ad27-2e8831b7aca0/elements [39m[32m200[39m [90m130 ms - 139[39m
[35m[HTTP][39m [90m[39m
[35m[HTTP][39m [37m-->[39m [37mGET[39m [37m/wd/hub/session/263dc9de-a11d-40f6-ad27-2e8831b7aca0/element/00000000-0000-006a-7fff-ffff00000186/location[39m
[35m[HTTP][39m [90m{}[39m
[35m[W3C (263dc9de)][39m Driver proxy active, passing request on via HTTP proxy
[35m[WD Proxy][39m Replacing sessionId 6516ff17-db5a-4f7a-8334-3cbc6077ff36 with 263dc9de-a11d-40f6-ad27-2e8831b7aca0
[35m[HTTP][39m [37m<-- GET /wd/hub/session/263dc9de-a11d-40f6-ad27-2e8831b7aca0/element/00000000-0000-006a-7fff-ffff00000186/location [39m[32m200[39m [90m18 ms - 76[39m
[35m[HTTP][39m [90m[39m
[35m[HTTP][39m [37m-->[39m [37mPOST[39m [37m/wd/hub/session/263dc9de-a11d-40f6-ad27-2e8831b7aca0/timeouts[39m
[35m[HTTP][39m [90m{"implicit":30000}[39m
[35m[HTTP][39m [37m<-- POST /wd/hub/session/263dc9de-a11d-40f6-ad27-2e8831b7aca0/timeouts [39m[32m200[39m [90m1 ms - 14[39m
[35m[HTTP][39m [90m[39m
[35m[HTTP][39m [37m-->[39m [37mGET[39m [37m/wd/hub/session/263dc9de-a11d-40f6-ad27-2e8831b7aca0/element/00000000-0000-006a-7fff-ffff00000186/displayed[39m
[35m[HTTP][39m [90m{}[39m
[35m[HTTP][39m [37m<-- GET /wd/hub/session/263dc9de-a11d-40f6-ad27-2e8831b7aca0/element/00000000-0000-006a-7fff-ffff00000186/displayed [39m[32m200[39m [90m16 ms - 14[39m
[35m[HTTP][39m [90m[39m
[35m[HTTP][39m [37m-->[39m [37mPOST[39m [37m/wd/hub/session/263dc9de-a11d-40f6-ad27-2e8831b7aca0/timeouts[39m
[35m[HTTP][39m [90m{"implicit":50}[39m
[35m[HTTP][39m [37m<-- POST /wd/hub/session/263dc9de-a11d-40f6-ad27-2e8831b7aca0/timeouts [39m[32m200[39m [90m1 ms - 14[39m
[35m[HTTP][39m [90m[39m
[35m[HTTP][39m [37m-->[39m [37mGET[39m [37m/wd/hub/session/263dc9de-a11d-40f6-ad27-2e8831b7aca0/window/rect[39m
[35m[HTTP][39m [90m{}[39m
[35m[HTTP][39m [37m<-- GET /wd/hub/session/263dc9de-a11d-40f6-ad27-2e8831b7aca0/window/rect [39m[32m200[39m [90m12 ms - 50[39m
[35m[HTTP][39m [90m[39m
[35m[HTTP][39m [37m-->[39m [37mPOST[39m [37m/wd/hub/session/263dc9de-a11d-40f6-ad27-2e8831b7aca0/elements[39m
[35m[HTTP][39m [90m{"using":"xpath","value":"//*[@class = 'android.widget.ImageButton' and @resource-id = 'com.solodroid.solomerce:id/btn_add_cart' and (@text = '' or . = '')]"}[39m
[35m[HTTP][39m [37m<-- POST /wd/hub/session/263dc9de-a11d-40f6-ad27-2e8831b7aca0/elements [39m[32m200[39m [90m148 ms - 139[39m
[35m[HTTP][39m [90m[39m
[35m[HTTP][39m [37m-->[39m [37mGET[39m [37m/wd/hub/session/263dc9de-a11d-40f6-ad27-2e8831b7aca0/element/00000000-0000-006a-7fff-ffff00000188/location[39m
[35m[HTTP][39m [90m{}[39m
[35m[W3C (263dc9de)][39m Driver proxy active, passing request on via HTTP proxy
[35m[WD Proxy][39m Replacing sessionId 6516ff17-db5a-4f7a-8334-3cbc6077ff36 with 263dc9de-a11d-40f6-ad27-2e8831b7aca0
[35m[HTTP][39m [37m<-- GET /wd/hub/session/263dc9de-a11d-40f6-ad27-2e8831b7aca0/element/00000000-0000-006a-7fff-ffff00000188/location [39m[32m200[39m [90m18 ms - 77[39m
[35m[HTTP][39m [90m[39m
[35m[HTTP][39m [37m-->[39m [37mPOST[39m [37m/wd/hub/session/263dc9de-a11d-40f6-ad27-2e8831b7aca0/timeouts[39m
[35m[HTTP][39m [90m{"implicit":30000}[39m
[35m[HTTP][39m [37m<-- POST /wd/hub/session/263dc9de-a11d-40f6-ad27-2e8831b7aca0/timeouts [39m[32m200[39m [90m1 ms - 14[39m
[35m[HTTP][39m [90m[39m
[35m[HTTP][39m [37m-->[39m [37mGET[39m [37m/wd/hub/session/263dc9de-a11d-40f6-ad27-2e8831b7aca0/element/00000000-0000-006a-7fff-ffff00000188/displayed[39m
[35m[HTTP][39m [90m{}[39m
[35m[HTTP][39m [37m<-- GET /wd/hub/session/263dc9de-a11d-40f6-ad27-2e8831b7aca0/element/00000000-0000-006a-7fff-ffff00000188/displayed [39m[32m200[39m [90m15 ms - 14[39m
[35m[HTTP][39m [90m[39m
[35m[HTTP][39m [37m-->[39m [37mPOST[39m [37m/wd/hub/session/263dc9de-a11d-40f6-ad27-2e8831b7aca0/timeouts[39m
[35m[HTTP][39m [90m{"implicit":50}[39m
[35m[HTTP][39m [37m<-- POST /wd/hub/session/263dc9de-a11d-40f6-ad27-2e8831b7aca0/timeouts [39m[32m200[39m [90m1 ms - 14[39m
[35m[HTTP][39m [90m[39m
[35m[HTTP][39m [37m-->[39m [37mGET[39m [37m/wd/hub/session/263dc9de-a11d-40f6-ad27-2e8831b7aca0/window/rect[39m
[35m[HTTP][39m [90m{}[39m
[35m[HTTP][39m [37m<-- GET /wd/hub/session/263dc9de-a11d-40f6-ad27-2e8831b7aca0/window/rect [39m[32m200[39m [90m18 ms - 50[39m
[35m[HTTP][39m [90m[39m
[35m[HTTP][39m [37m-->[39m [37mPOST[39m [37m/wd/hub/session/263dc9de-a11d-40f6-ad27-2e8831b7aca0/elements[39m
[35m[HTTP][39m [90m{"using":"xpath","value":"//*[@class = 'android.widget.TextView' and @resource-id = 'com.solodroid.solomerce:id/search' and (@text = '' or . = '')]"}[39m
[35m[HTTP][39m [37m<-- POST /wd/hub/session/263dc9de-a11d-40f6-ad27-2e8831b7aca0/elements [39m[32m200[39m [90m136 ms - 139[39m
[35m[HTTP][39m [90m[39m
[35m[HTTP][39m [37m-->[39m [37mGET[39m [37m/wd/hub/session/263dc9de-a11d-40f6-ad27-2e8831b7aca0/element/00000000-0000-006a-7fff-ffff0000025a/location[39m
[35m[HTTP][39m [90m{}[39m
[35m[W3C (263dc9de)][39m Driver proxy active, passing request on via HTTP proxy
[35m[WD Proxy][39m Replacing sessionId 6516ff17-db5a-4f7a-8334-3cbc6077ff36 with 263dc9de-a11d-40f6-ad27-2e8831b7aca0
[35m[HTTP][39m [37m<-- GET /wd/hub/session/263dc9de-a11d-40f6-ad27-2e8831b7aca0/element/00000000-0000-006a-7fff-ffff0000025a/location [39m[32m200[39m [90m21 ms - 77[39m
[35m[HTTP][39m [90m[39m
[35m[HTTP][39m [37m-->[39m [37mPOST[39m [37m/wd/hub/session/263dc9de-a11d-40f6-ad27-2e8831b7aca0/timeouts[39m
[35m[HTTP][39m [90m{"implicit":30000}[39m
[35m[HTTP][39m [37m<-- POST /wd/hub/session/263dc9de-a11d-40f6-ad27-2e8831b7aca0/timeouts [39m[32m200[39m [90m1 ms - 14[39m
[35m[HTTP][39m [90m[39m
[35m[HTTP][39m [37m-->[39m [37mGET[39m [37m/wd/hub/session/263dc9de-a11d-40f6-ad27-2e8831b7aca0/element/00000000-0000-006a-7fff-ffff0000025a/displayed[39m
[35m[HTTP][39m [90m{}[39m
[35m[HTTP][39m [37m<-- GET /wd/hub/session/263dc9de-a11d-40f6-ad27-2e8831b7aca0/element/00000000-0000-006a-7fff-ffff0000025a/displayed [39m[32m200[39m [90m15 ms - 14[39m
[35m[HTTP][39m [90m[39m
[35m[HTTP][39m [37m-->[39m [37mPOST[39m [37m/wd/hub/session/263dc9de-a11d-40f6-ad27-2e8831b7aca0/timeouts[39m
[35m[HTTP][39m [90m{"implicit":50}[39m
[35m[HTTP][39m [37m<-- POST /wd/hub/session/263dc9de-a11d-40f6-ad27-2e8831b7aca0/timeouts [39m[32m200[39m [90m1 ms - 14[39m
[35m[HTTP][39m [90m[39m
[35m[HTTP][39m [37m-->[39m [37mGET[39m [37m/wd/hub/session/263dc9de-a11d-40f6-ad27-2e8831b7aca0/window/rect[39m
[35m[HTTP][39m [90m{}[39m
[35m[HTTP][39m [37m<-- GET /wd/hub/session/263dc9de-a11d-40f6-ad27-2e8831b7aca0/window/rect [39m[32m200[39m [90m21 ms - 50[39m
[35m[HTTP][39m [90m[39m
[35m[HTTP][39m [37m-->[39m [37mPOST[39m [37m/wd/hub/session/263dc9de-a11d-40f6-ad27-2e8831b7aca0/elements[39m
[35m[HTTP][39m [90m{"using":"xpath","value":"//hierarchy/android.widget.FrameLayout[1]/android.widget.LinearLayout[1]/android.widget.FrameLayout[1]/android.widget.LinearLayout[1]/android.widget.FrameLayout[1]/android.widget.RelativeLayout[1]/android.view.ViewGroup[1]/androidx.viewpager.widget.ViewPager[1]/android.widget.LinearLayout[1]/android.view.ViewGroup[1]/androidx.recyclerview.widget.RecyclerView[1]/android.widget.FrameLayout[1]/android.widget.RelativeLayout[1]"}[39m
[35m[HTTP][39m [37m<-- POST /wd/hub/session/263dc9de-a11d-40f6-ad27-2e8831b7aca0/elements [39m[32m200[39m [90m89 ms - 139[39m
[35m[HTTP][39m [90m[39m
[35m[HTTP][39m [37m-->[39m [37mGET[39m [37m/wd/hub/session/263dc9de-a11d-40f6-ad27-2e8831b7aca0/element/00000000-0000-006a-7fff-ffff000001fe/location[39m
[35m[HTTP][39m [90m{}[39m
[35m[W3C (263dc9de)][39m Driver proxy active, passing request on via HTTP proxy
[35m[WD Proxy][39m Replacing sessionId 6516ff17-db5a-4f7a-8334-3cbc6077ff36 with 263dc9de-a11d-40f6-ad27-2e8831b7aca0
[35m[HTTP][39m [37m<-- GET /wd/hub/session/263dc9de-a11d-40f6-ad27-2e8831b7aca0/element/00000000-0000-006a-7fff-ffff000001fe/location [39m[32m200[39m [90m18 ms - 77[39m
[35m[HTTP][39m [90m[39m
[35m[HTTP][39m [37m-->[39m [37mPOST[39m [37m/wd/hub/session/263dc9de-a11d-40f6-ad27-2e8831b7aca0/timeouts[39m
[35m[HTTP][39m [90m{"implicit":30000}[39m
[35m[HTTP][39m [37m<-- POST /wd/hub/session/263dc9de-a11d-40f6-ad27-2e8831b7aca0/timeouts [39m[32m200[39m [90m1 ms - 14[39m
[35m[HTTP][39m [90m[39m
[35m[HTTP][39m [37m-->[39m [37mGET[39m [37m/wd/hub/session/263dc9de-a11d-40f6-ad27-2e8831b7aca0/element/00000000-0000-006a-7fff-ffff000001fe/displayed[39m
[35m[HTTP][39m [90m{}[39m
[35m[HTTP][39m [37m<-- GET /wd/hub/session/263dc9de-a11d-40f6-ad27-2e8831b7aca0/element/00000000-0000-006a-7fff-ffff000001fe/displayed [39m[32m200[39m [90m11 ms - 14[39m
[35m[HTTP][39m [90m[39m
[35m[HTTP][39m [37m-->[39m [37mPOST[39m [37m/wd/hub/session/263dc9de-a11d-40f6-ad27-2e8831b7aca0/timeouts[39m
[35m[HTTP][39m [90m{"implicit":50}[39m
[35m[HTTP][39m [37m<-- POST /wd/hub/session/263dc9de-a11d-40f6-ad27-2e8831b7aca0/timeouts [39m[32m200[39m [90m1 ms - 14[39m
[35m[HTTP][39m [90m[39m
[35m[HTTP][39m [37m-->[39m [37mGET[39m [37m/wd/hub/session/263dc9de-a11d-40f6-ad27-2e8831b7aca0/window/rect[39m
[35m[HTTP][39m [90m{}[39m
[35m[HTTP][39m [37m<-- GET /wd/hub/session/263dc9de-a11d-40f6-ad27-2e8831b7aca0/window/rect [39m[32m200[39m [90m10 ms - 50[39m
[35m[HTTP][39m [90m[39m
[35m[HTTP][39m [37m-->[39m [37mPOST[39m [37m/wd/hub/session/263dc9de-a11d-40f6-ad27-2e8831b7aca0/elements[39m
[35m[HTTP][39m [90m{"using":"xpath","value":"//hierarchy/android.widget.FrameLayout[1]/android.widget.LinearLayout[1]/android.widget.FrameLayout[1]/android.widget.LinearLayout[1]/android.widget.FrameLayout[1]/android.widget.RelativeLayout[1]/android.view.ViewGroup[1]/androidx.viewpager.widget.ViewPager[1]/android.widget.LinearLayout[1]/android.view.ViewGroup[1]/androidx.recyclerview.widget.RecyclerView[1]/android.widget.FrameLayout[2]/android.widget.RelativeLayout[1]"}[39m
[35m[HTTP][39m [37m<-- POST /wd/hub/session/263dc9de-a11d-40f6-ad27-2e8831b7aca0/elements [39m[32m200[39m [90m80 ms - 139[39m
[35m[HTTP][39m [90m[39m
[35m[HTTP][39m [37m-->[39m [37mGET[39m [37m/wd/hub/session/263dc9de-a11d-40f6-ad27-2e8831b7aca0/element/00000000-0000-006a-7fff-ffff00000201/location[39m
[35m[HTTP][39m [90m{}[39m
[35m[W3C (263dc9de)][39m Driver proxy active, passing request on via HTTP proxy
[35m[WD Proxy][39m Replacing sessionId 6516ff17-db5a-4f7a-8334-3cbc6077ff36 with 263dc9de-a11d-40f6-ad27-2e8831b7aca0
[35m[HTTP][39m [37m<-- GET /wd/hub/session/263dc9de-a11d-40f6-ad27-2e8831b7aca0/element/00000000-0000-006a-7fff-ffff00000201/location [39m[32m200[39m [90m19 ms - 77[39m
[35m[HTTP][39m [90m[39m
[35m[HTTP][39m [37m-->[39m [37mPOST[39m [37m/wd/hub/session/263dc9de-a11d-40f6-ad27-2e8831b7aca0/timeouts[39m
[35m[HTTP][39m [90m{"implicit":30000}[39m
[35m[HTTP][39m [37m<-- POST /wd/hub/session/263dc9de-a11d-40f6-ad27-2e8831b7aca0/timeouts [39m[32m200[39m [90m1 ms - 14[39m
[35m[HTTP][39m [90m[39m
[35m[HTTP][39m [37m-->[39m [37mGET[39m [37m/wd/hub/session/263dc9de-a11d-40f6-ad27-2e8831b7aca0/element/00000000-0000-006a-7fff-ffff00000201/displayed[39m
[35m[HTTP][39m [90m{}[39m
[35m[HTTP][39m [37m<-- GET /wd/hub/session/263dc9de-a11d-40f6-ad27-2e8831b7aca0/element/00000000-0000-006a-7fff-ffff00000201/displayed [39m[32m200[39m [90m13 ms - 14[39m
[35m[HTTP][39m [90m[39m
[35m[HTTP][39m [37m-->[39m [37mPOST[39m [37m/wd/hub/session/263dc9de-a11d-40f6-ad27-2e8831b7aca0/timeouts[39m
[35m[HTTP][39m [90m{"implicit":50}[39m
[35m[HTTP][39m [37m<-- POST /wd/hub/session/263dc9de-a11d-40f6-ad27-2e8831b7aca0/timeouts [39m[32m200[39m [90m1 ms - 14[39m
[35m[HTTP][39m [90m[39m
[35m[HTTP][39m [37m-->[39m [37mGET[39m [37m/wd/hub/session/263dc9de-a11d-40f6-ad27-2e8831b7aca0/window/rect[39m
[35m[HTTP][39m [90m{}[39m
[35m[HTTP][39m [37m<-- GET /wd/hub/session/263dc9de-a11d-40f6-ad27-2e8831b7aca0/window/rect [39m[32m200[39m [90m12 ms - 50[39m
[35m[HTTP][39m [90m[39m
[35m[HTTP][39m [37m-->[39m [37mPOST[39m [37m/wd/hub/session/263dc9de-a11d-40f6-ad27-2e8831b7aca0/elements[39m
[35m[HTTP][39m [90m{"using":"xpath","value":"//hierarchy/android.widget.FrameLayout[1]/android.widget.LinearLayout[1]/android.widget.FrameLayout[1]/android.widget.LinearLayout[1]/android.widget.FrameLayout[1]/android.widget.RelativeLayout[1]/android.view.ViewGroup[1]/androidx.viewpager.widget.ViewPager[1]/android.widget.LinearLayout[1]/android.view.ViewGroup[1]/androidx.recyclerview.widget.RecyclerView[1]/android.widget.FrameLayout[3]/android.widget.RelativeLayout[1]"}[39m
[35m[HTTP][39m [37m<-- POST /wd/hub/session/263dc9de-a11d-40f6-ad27-2e8831b7aca0/elements [39m[32m200[39m [90m78 ms - 139[39m
[35m[HTTP][39m [90m[39m
[35m[HTTP][39m [37m-->[39m [37mGET[39m [37m/wd/hub/session/263dc9de-a11d-40f6-ad27-2e8831b7aca0/element/00000000-0000-006a-7fff-ffff00000204/location[39m
[35m[HTTP][39m [90m{}[39m
[35m[W3C (263dc9de)][39m Driver proxy active, passing request on via HTTP proxy
[35m[WD Proxy][39m Replacing sessionId 6516ff17-db5a-4f7a-8334-3cbc6077ff36 with 263dc9de-a11d-40f6-ad27-2e8831b7aca0
[35m[HTTP][39m [37m<-- GET /wd/hub/session/263dc9de-a11d-40f6-ad27-2e8831b7aca0/element/00000000-0000-006a-7fff-ffff00000204/location [39m[32m200[39m [90m18 ms - 77[39m
[35m[HTTP][39m [90m[39m
[35m[HTTP][39m [37m-->[39m [37mPOST[39m [37m/wd/hub/session/263dc9de-a11d-40f6-ad27-2e8831b7aca0/timeouts[39m
[35m[HTTP][39m [90m{"implicit":30000}[39m
[35m[HTTP][39m [37m<-- POST /wd/hub/session/263dc9de-a11d-40f6-ad27-2e8831b7aca0/timeouts [39m[32m200[39m [90m1 ms - 14[39m
[35m[HTTP][39m [90m[39m
[35m[HTTP][39m [37m-->[39m [37mGET[39m [37m/wd/hub/session/263dc9de-a11d-40f6-ad27-2e8831b7aca0/element/00000000-0000-006a-7fff-ffff00000204/displayed[39m
[35m[HTTP][39m [90m{}[39m
[35m[HTTP][39m [37m<-- GET /wd/hub/session/263dc9de-a11d-40f6-ad27-2e8831b7aca0/element/00000000-0000-006a-7fff-ffff00000204/displayed [39m[32m200[39m [90m14 ms - 14[39m
[35m[HTTP][39m [90m[39m
[35m[HTTP][39m [37m-->[39m [37mPOST[39m [37m/wd/hub/session/263dc9de-a11d-40f6-ad27-2e8831b7aca0/timeouts[39m
[35m[HTTP][39m [90m{"implicit":50}[39m
[35m[HTTP][39m [37m<-- POST /wd/hub/session/263dc9de-a11d-40f6-ad27-2e8831b7aca0/timeouts [39m[32m200[39m [90m1 ms - 14[39m
[35m[HTTP][39m [90m[39m
[35m[HTTP][39m [37m-->[39m [37mGET[39m [37m/wd/hub/session/263dc9de-a11d-40f6-ad27-2e8831b7aca0/window/rect[39m
[35m[HTTP][39m [90m{}[39m
[35m[HTTP][39m [37m<-- GET /wd/hub/session/263dc9de-a11d-40f6-ad27-2e8831b7aca0/window/rect [39m[32m200[39m [90m13 ms - 50[39m
[35m[HTTP][39m [90m[39m
[35m[HTTP][39m [37m-->[39m [37mPOST[39m [37m/wd/hub/session/263dc9de-a11d-40f6-ad27-2e8831b7aca0/elements[39m
[35m[HTTP][39m [90m{"using":"xpath","value":"//hierarchy/android.widget.FrameLayout[1]/android.widget.LinearLayout[1]/android.widget.FrameLayout[1]/android.widget.LinearLayout[1]/android.widget.FrameLayout[1]/android.widget.RelativeLayout[1]/android.view.ViewGroup[1]/androidx.viewpager.widget.ViewPager[1]/android.widget.LinearLayout[1]/android.view.ViewGroup[1]/androidx.recyclerview.widget.RecyclerView[1]/android.widget.FrameLayout[4]/android.widget.RelativeLayout[1]"}[39m
[35m[HTTP][39m [37m<-- POST /wd/hub/session/263dc9de-a11d-40f6-ad27-2e8831b7aca0/elements [39m[32m200[39m [90m78 ms - 139[39m
[35m[HTTP][39m [90m[39m
[35m[HTTP][39m [37m-->[39m [37mGET[39m [37m/wd/hub/session/263dc9de-a11d-40f6-ad27-2e8831b7aca0/element/00000000-0000-006a-7fff-ffff00000207/location[39m
[35m[HTTP][39m [90m{}[39m
[35m[W3C (263dc9de)][39m Driver proxy active, passing request on via HTTP proxy
[35m[WD Proxy][39m Replacing sessionId 6516ff17-db5a-4f7a-8334-3cbc6077ff36 with 263dc9de-a11d-40f6-ad27-2e8831b7aca0
[35m[HTTP][39m [37m<-- GET /wd/hub/session/263dc9de-a11d-40f6-ad27-2e8831b7aca0/element/00000000-0000-006a-7fff-ffff00000207/location [39m[32m200[39m [90m15 ms - 77[39m
[35m[HTTP][39m [90m[39m
[35m[HTTP][39m [37m-->[39m [37mPOST[39m [37m/wd/hub/session/263dc9de-a11d-40f6-ad27-2e8831b7aca0/timeouts[39m
[35m[HTTP][39m [90m{"implicit":30000}[39m
[35m[HTTP][39m [37m<-- POST /wd/hub/session/263dc9de-a11d-40f6-ad27-2e8831b7aca0/timeouts [39m[32m200[39m [90m1 ms - 14[39m
[35m[HTTP][39m [90m[39m
[35m[HTTP][39m [37m-->[39m [37mGET[39m [37m/wd/hub/session/263dc9de-a11d-40f6-ad27-2e8831b7aca0/element/00000000-0000-006a-7fff-ffff00000207/displayed[39m
[35m[HTTP][39m [90m{}[39m
[35m[HTTP][39m [37m<-- GET /wd/hub/session/263dc9de-a11d-40f6-ad27-2e8831b7aca0/element/00000000-0000-006a-7fff-ffff00000207/displayed [39m[32m200[39m [90m16 ms - 14[39m
[35m[HTTP][39m [90m[39m
[35m[HTTP][39m [37m-->[39m [37mPOST[39m [37m/wd/hub/session/263dc9de-a11d-40f6-ad27-2e8831b7aca0/timeouts[39m
[35m[HTTP][39m [90m{"implicit":50}[39m
[35m[HTTP][39m [37m<-- POST /wd/hub/session/263dc9de-a11d-40f6-ad27-2e8831b7aca0/timeouts [39m[32m200[39m [90m3 ms - 14[39m
[35m[HTTP][39m [90m[39m
[35m[HTTP][39m [37m-->[39m [37mGET[39m [37m/wd/hub/session/263dc9de-a11d-40f6-ad27-2e8831b7aca0/window/rect[39m
[35m[HTTP][39m [90m{}[39m
[35m[HTTP][39m [37m<-- GET /wd/hub/session/263dc9de-a11d-40f6-ad27-2e8831b7aca0/window/rect [39m[32m200[39m [90m20 ms - 50[39m
[35m[HTTP][39m [90m[39m
[35m[HTTP][39m [37m-->[39m [37mPOST[39m [37m/wd/hub/session/263dc9de-a11d-40f6-ad27-2e8831b7aca0/elements[39m
[35m[HTTP][39m [90m{"using":"xpath","value":"//hierarchy/android.widget.FrameLayout[1]/android.widget.LinearLayout[1]/android.widget.FrameLayout[1]/android.widget.LinearLayout[1]/android.widget.FrameLayout[1]/android.widget.RelativeLayout[1]/android.view.ViewGroup[1]/androidx.viewpager.widget.ViewPager[1]/android.widget.LinearLayout[1]/android.view.ViewGroup[1]/androidx.recyclerview.widget.RecyclerView[1]/android.widget.FrameLayout[5]/android.widget.RelativeLayout[1]"}[39m
[35m[HTTP][39m [37m<-- POST /wd/hub/session/263dc9de-a11d-40f6-ad27-2e8831b7aca0/elements [39m[32m200[39m [90m103 ms - 139[39m
[35m[HTTP][39m [90m[39m
[35m[HTTP][39m [37m-->[39m [37mGET[39m [37m/wd/hub/session/263dc9de-a11d-40f6-ad27-2e8831b7aca0/element/00000000-0000-006a-7fff-ffff0000020a/location[39m
[35m[HTTP][39m [90m{}[39m
[35m[W3C (263dc9de)][39m Driver proxy active, passing request on via HTTP proxy
[35m[WD Proxy][39m Replacing sessionId 6516ff17-db5a-4f7a-8334-3cbc6077ff36 with 263dc9de-a11d-40f6-ad27-2e8831b7aca0
[35m[HTTP][39m [37m<-- GET /wd/hub/session/263dc9de-a11d-40f6-ad27-2e8831b7aca0/element/00000000-0000-006a-7fff-ffff0000020a/location [39m[32m200[39m [90m18 ms - 78[39m
[35m[HTTP][39m [90m[39m
[35m[HTTP][39m [37m-->[39m [37mPOST[39m [37m/wd/hub/session/263dc9de-a11d-40f6-ad27-2e8831b7aca0/timeouts[39m
[35m[HTTP][39m [90m{"implicit":30000}[39m
[35m[HTTP][39m [37m<-- POST /wd/hub/session/263dc9de-a11d-40f6-ad27-2e8831b7aca0/timeouts [39m[32m200[39m [90m1 ms - 14[39m
[35m[HTTP][39m [90m[39m
[35m[HTTP][39m [37m-->[39m [37mGET[39m [37m/wd/hub/session/263dc9de-a11d-40f6-ad27-2e8831b7aca0/element/00000000-0000-006a-7fff-ffff0000020a/displayed[39m
[35m[HTTP][39m [90m{}[39m
[35m[HTTP][39m [37m<-- GET /wd/hub/session/263dc9de-a11d-40f6-ad27-2e8831b7aca0/element/00000000-0000-006a-7fff-ffff0000020a/displayed [39m[32m200[39m [90m14 ms - 14[39m
[35m[HTTP][39m [90m[39m
[35m[HTTP][39m [37m-->[39m [37mPOST[39m [37m/wd/hub/session/263dc9de-a11d-40f6-ad27-2e8831b7aca0/timeouts[39m
[35m[HTTP][39m [90m{"implicit":50}[39m
[35m[HTTP][39m [37m<-- POST /wd/hub/session/263dc9de-a11d-40f6-ad27-2e8831b7aca0/timeouts [39m[32m200[39m [90m1 ms - 14[39m
[35m[HTTP][39m [90m[39m
[35m[HTTP][39m [37m-->[39m [37mGET[39m [37m/wd/hub/session/263dc9de-a11d-40f6-ad27-2e8831b7aca0/window/rect[39m
[35m[HTTP][39m [90m{}[39m
[35m[HTTP][39m [37m<-- GET /wd/hub/session/263dc9de-a11d-40f6-ad27-2e8831b7aca0/window/rect [39m[32m200[39m [90m10 ms - 50[39m
[35m[HTTP][39m [90m[39m
[35m[HTTP][39m [37m-->[39m [37mPOST[39m [37m/wd/hub/session/263dc9de-a11d-40f6-ad27-2e8831b7aca0/elements[39m
[35m[HTTP][39m [90m{"using":"xpath","value":"//*[@class = 'android.widget.FrameLayout' and @resource-id = 'com.solodroid.solomerce:id/nav_info' and (@text = '' or . = '')]"}[39m
[35m[HTTP][39m [37m<-- POST /wd/hub/session/263dc9de-a11d-40f6-ad27-2e8831b7aca0/elements [39m[32m200[39m [90m99 ms - 139[39m
[35m[HTTP][39m [90m[39m
[35m[HTTP][39m [37m-->[39m [37mGET[39m [37m/wd/hub/session/263dc9de-a11d-40f6-ad27-2e8831b7aca0/element/00000000-0000-006a-7fff-ffff00000222/location[39m
[35m[HTTP][39m [90m{}[39m
[35m[W3C (263dc9de)][39m Driver proxy active, passing request on via HTTP proxy
[35m[WD Proxy][39m Replacing sessionId 6516ff17-db5a-4f7a-8334-3cbc6077ff36 with 263dc9de-a11d-40f6-ad27-2e8831b7aca0
[35m[HTTP][39m [37m<-- GET /wd/hub/session/263dc9de-a11d-40f6-ad27-2e8831b7aca0/element/00000000-0000-006a-7fff-ffff00000222/location [39m[32m200[39m [90m23 ms - 79[39m
[35m[HTTP][39m [90m[39m
[35m[HTTP][39m [37m-->[39m [37mPOST[39m [37m/wd/hub/session/263dc9de-a11d-40f6-ad27-2e8831b7aca0/timeouts[39m
[35m[HTTP][39m [90m{"implicit":30000}[39m
[35m[HTTP][39m [37m<-- POST /wd/hub/session/263dc9de-a11d-40f6-ad27-2e8831b7aca0/timeouts [39m[32m200[39m [90m1 ms - 14[39m
[35m[HTTP][39m [90m[39m
[35m[HTTP][39m [37m-->[39m [37mGET[39m [37m/wd/hub/session/263dc9de-a11d-40f6-ad27-2e8831b7aca0/element/00000000-0000-006a-7fff-ffff00000222/displayed[39m
[35m[HTTP][39m [90m{}[39m
[35m[HTTP][39m [37m<-- GET /wd/hub/session/263dc9de-a11d-40f6-ad27-2e8831b7aca0/element/00000000-0000-006a-7fff-ffff00000222/displayed [39m[32m200[39m [90m15 ms - 14[39m
[35m[HTTP][39m [90m[39m
[35m[HTTP][39m [37m-->[39m [37mPOST[39m [37m/wd/hub/session/263dc9de-a11d-40f6-ad27-2e8831b7aca0/timeouts[39m
[35m[HTTP][39m [90m{"implicit":50}[39m
[35m[HTTP][39m [37m<-- POST /wd/hub/session/263dc9de-a11d-40f6-ad27-2e8831b7aca0/timeouts [39m[32m200[39m [90m2 ms - 14[39m
[35m[HTTP][39m [90m[39m
[35m[HTTP][39m [37m-->[39m [37mGET[39m [37m/wd/hub/session/263dc9de-a11d-40f6-ad27-2e8831b7aca0/window/rect[39m
[35m[HTTP][39m [90m{}[39m
[35m[HTTP][39m [37m<-- GET /wd/hub/session/263dc9de-a11d-40f6-ad27-2e8831b7aca0/window/rect [39m[32m200[39m [90m14 ms - 50[39m
[35m[HTTP][39m [90m[39m
[35m[HTTP][39m [37m-->[39m [37mPOST[39m [37m/wd/hub/session/263dc9de-a11d-40f6-ad27-2e8831b7aca0/elements[39m
[35m[HTTP][39m [90m{"using":"xpath","value":"//*[@class = 'android.widget.FrameLayout' and @resource-id = 'com.solodroid.solomerce:id/nav_profile' and (@text = '' or . = '')]"}[39m
[35m[HTTP][39m [37m<-- POST /wd/hub/session/263dc9de-a11d-40f6-ad27-2e8831b7aca0/elements [39m[32m200[39m [90m114 ms - 139[39m
[35m[HTTP][39m [90m[39m
[35m[HTTP][39m [37m-->[39m [37mGET[39m [37m/wd/hub/session/263dc9de-a11d-40f6-ad27-2e8831b7aca0/element/00000000-0000-006a-7fff-ffff00000223/location[39m
[35m[HTTP][39m [90m{}[39m
[35m[W3C (263dc9de)][39m Driver proxy active, passing request on via HTTP proxy
[35m[WD Proxy][39m Replacing sessionId 6516ff17-db5a-4f7a-8334-3cbc6077ff36 with 263dc9de-a11d-40f6-ad27-2e8831b7aca0
[35m[HTTP][39m [37m<-- GET /wd/hub/session/263dc9de-a11d-40f6-ad27-2e8831b7aca0/element/00000000-0000-006a-7fff-ffff00000223/location [39m[32m200[39m [90m45 ms - 79[39m
[35m[HTTP][39m [90m[39m
[35m[HTTP][39m [37m-->[39m [37mPOST[39m [37m/wd/hub/session/263dc9de-a11d-40f6-ad27-2e8831b7aca0/timeouts[39m
[35m[HTTP][39m [90m{"implicit":30000}[39m
[35m[HTTP][39m [37m<-- POST /wd/hub/session/263dc9de-a11d-40f6-ad27-2e8831b7aca0/timeouts [39m[32m200[39m [90m1 ms - 14[39m
[35m[HTTP][39m [90m[39m
[35m[HTTP][39m [37m-->[39m [37mGET[39m [37m/wd/hub/session/263dc9de-a11d-40f6-ad27-2e8831b7aca0/element/00000000-0000-006a-7fff-ffff00000223/displayed[39m
[35m[HTTP][39m [90m{}[39m
[35m[HTTP][39m [37m<-- GET /wd/hub/session/263dc9de-a11d-40f6-ad27-2e8831b7aca0/element/00000000-0000-006a-7fff-ffff00000223/displayed [39m[32m200[39m [90m19 ms - 14[39m
[35m[HTTP][39m [90m[39m
[35m[HTTP][39m [37m-->[39m [37mPOST[39m [37m/wd/hub/session/263dc9de-a11d-40f6-ad27-2e8831b7aca0/timeouts[39m
[35m[HTTP][39m [90m{"implicit":50}[39m
[35m[HTTP][39m [37m<-- POST /wd/hub/session/263dc9de-a11d-40f6-ad27-2e8831b7aca0/timeouts [39m[32m200[39m [90m1 ms - 14[39m
[35m[HTTP][39m [90m[39m
[35m[HTTP][39m [37m-->[39m [37mGET[39m [37m/wd/hub/session/263dc9de-a11d-40f6-ad27-2e8831b7aca0/window/rect[39m
[35m[HTTP][39m [90m{}[39m
[35m[HTTP][39m [37m<-- GET /wd/hub/session/263dc9de-a11d-40f6-ad27-2e8831b7aca0/window/rect [39m[32m200[39m [90m18 ms - 50[39m
[35m[HTTP][39m [90m[39m
[35m[HTTP][39m [37m-->[39m [37mPOST[39m [37m/wd/hub/session/263dc9de-a11d-40f6-ad27-2e8831b7aca0/elements[39m
[35m[HTTP][39m [90m{"using":"xpath","value":"//*[@class = 'android.widget.FrameLayout' and @resource-id = 'com.solodroid.solomerce:id/nav_recent' and (@text = '' or . = '')]"}[39m
[35m[HTTP][39m [37m<-- POST /wd/hub/session/263dc9de-a11d-40f6-ad27-2e8831b7aca0/elements [39m[32m200[39m [90m91 ms - 139[39m
[35m[HTTP][39m [90m[39m
[35m[HTTP][39m [37m-->[39m [37mGET[39m [37m/wd/hub/session/263dc9de-a11d-40f6-ad27-2e8831b7aca0/element/00000000-0000-006a-7fff-ffff00000220/location[39m
[35m[HTTP][39m [90m{}[39m
[35m[W3C (263dc9de)][39m Driver proxy active, passing request on via HTTP proxy
[35m[WD Proxy][39m Replacing sessionId 6516ff17-db5a-4f7a-8334-3cbc6077ff36 with 263dc9de-a11d-40f6-ad27-2e8831b7aca0
[35m[HTTP][39m [37m<-- GET /wd/hub/session/263dc9de-a11d-40f6-ad27-2e8831b7aca0/element/00000000-0000-006a-7fff-ffff00000220/location [39m[32m200[39m [90m18 ms - 77[39m
[35m[HTTP][39m [90m[39m
[35m[HTTP][39m [37m-->[39m [37mPOST[39m [37m/wd/hub/session/263dc9de-a11d-40f6-ad27-2e8831b7aca0/timeouts[39m
[35m[HTTP][39m [90m{"implicit":30000}[39m
[35m[HTTP][39m [37m<-- POST /wd/hub/session/263dc9de-a11d-40f6-ad27-2e8831b7aca0/timeouts [39m[32m200[39m [90m1 ms - 14[39m
[35m[HTTP][39m [90m[39m
[35m[HTTP][39m [37m-->[39m [37mGET[39m [37m/wd/hub/session/263dc9de-a11d-40f6-ad27-2e8831b7aca0/element/00000000-0000-006a-7fff-ffff00000220/displayed[39m
[35m[HTTP][39m [90m{}[39m
[35m[HTTP][39m [37m<-- GET /wd/hub/session/263dc9de-a11d-40f6-ad27-2e8831b7aca0/element/00000000-0000-006a-7fff-ffff00000220/displayed [39m[32m200[39m [90m13 ms - 14[39m
[35m[HTTP][39m [90m[39m
[35m[HTTP][39m [37m-->[39m [37mPOST[39m [37m/wd/hub/session/263dc9de-a11d-40f6-ad27-2e8831b7aca0/timeouts[39m
[35m[HTTP][39m [90m{"implicit":50}[39m
[35m[HTTP][39m [37m<-- POST /wd/hub/session/263dc9de-a11d-40f6-ad27-2e8831b7aca0/timeouts [39m[32m200[39m [90m3 ms - 14[39m
[35m[HTTP][39m [90m[39m
[35m[HTTP][39m [37m-->[39m [37mGET[39m [37m/wd/hub/session/263dc9de-a11d-40f6-ad27-2e8831b7aca0/window/rect[39m
[35m[HTTP][39m [90m{}[39m
[35m[HTTP][39m [37m<-- GET /wd/hub/session/263dc9de-a11d-40f6-ad27-2e8831b7aca0/window/rect [39m[32m200[39m [90m11 ms - 50[39m
[35m[HTTP][39m [90m[39m
[35m[HTTP][39m [37m-->[39m [37mPOST[39m [37m/wd/hub/session/263dc9de-a11d-40f6-ad27-2e8831b7aca0/elements[39m
[35m[HTTP][39m [90m{"using":"xpath","value":"//*[@class = 'android.widget.FrameLayout' and @resource-id = 'com.solodroid.solomerce:id/nav_category' and (@text = '' or . = '')]"}[39m
[35m[HTTP][39m [37m<-- POST /wd/hub/session/263dc9de-a11d-40f6-ad27-2e8831b7aca0/elements [39m[32m200[39m [90m134 ms - 139[39m
[35m[HTTP][39m [90m[39m
[35m[HTTP][39m [37m-->[39m [37mGET[39m [37m/wd/hub/session/263dc9de-a11d-40f6-ad27-2e8831b7aca0/element/00000000-0000-006a-7fff-ffff00000221/location[39m
[35m[HTTP][39m [90m{}[39m
[35m[W3C (263dc9de)][39m Driver proxy active, passing request on via HTTP proxy
[35m[WD Proxy][39m Replacing sessionId 6516ff17-db5a-4f7a-8334-3cbc6077ff36 with 263dc9de-a11d-40f6-ad27-2e8831b7aca0
[35m[HTTP][39m [37m<-- GET /wd/hub/session/263dc9de-a11d-40f6-ad27-2e8831b7aca0/element/00000000-0000-006a-7fff-ffff00000221/location [39m[32m200[39m [90m16 ms - 79[39m
[35m[HTTP][39m [90m[39m
[35m[HTTP][39m [37m-->[39m [37mPOST[39m [37m/wd/hub/session/263dc9de-a11d-40f6-ad27-2e8831b7aca0/timeouts[39m
[35m[HTTP][39m [90m{"implicit":30000}[39m
[35m[HTTP][39m [37m<-- POST /wd/hub/session/263dc9de-a11d-40f6-ad27-2e8831b7aca0/timeouts [39m[32m200[39m [90m1 ms - 14[39m
[35m[HTTP][39m [90m[39m
[35m[HTTP][39m [37m-->[39m [37mGET[39m [37m/wd/hub/session/263dc9de-a11d-40f6-ad27-2e8831b7aca0/element/00000000-0000-006a-7fff-ffff00000221/displayed[39m
[35m[HTTP][39m [90m{}[39m
[35m[HTTP][39m [37m<-- GET /wd/hub/session/263dc9de-a11d-40f6-ad27-2e8831b7aca0/element/00000000-0000-006a-7fff-ffff00000221/displayed [39m[32m200[39m [90m13 ms - 14[39m
[35m[HTTP][39m [90m[39m
[35m[HTTP][39m [37m-->[39m [37mPOST[39m [37m/wd/hub/session/263dc9de-a11d-40f6-ad27-2e8831b7aca0/timeouts[39m
[35m[HTTP][39m [90m{"implicit":50}[39m
[35m[HTTP][39m [37m<-- POST /wd/hub/session/263dc9de-a11d-40f6-ad27-2e8831b7aca0/timeouts [39m[32m200[39m [90m1 ms - 14[39m
[35m[HTTP][39m [90m[39m
[35m[HTTP][39m [37m-->[39m [37mGET[39m [37m/wd/hub/session/263dc9de-a11d-40f6-ad27-2e8831b7aca0/window/rect[39m
[35m[HTTP][39m [90m{}[39m
[35m[HTTP][39m [37m<-- GET /wd/hub/session/263dc9de-a11d-40f6-ad27-2e8831b7aca0/window/rect [39m[32m200[39m [90m17 ms - 50[39m
[35m[HTTP][39m [90m[39m
[35m[HTTP][39m [37m-->[39m [37mPOST[39m [37m/wd/hub/session/263dc9de-a11d-40f6-ad27-2e8831b7aca0/elements[39m
[35m[HTTP][39m [90m{"using":"xpath","value":"//hierarchy/android.widget.FrameLayout[1]/android.widget.LinearLayout[1]/android.widget.FrameLayout[1]/android.widget.LinearLayout[1]/android.widget.FrameLayout[1]/android.widget.RelativeLayout[1]/android.view.ViewGroup[1]/android.widget.LinearLayout[1]/android.widget.RelativeLayout[1]/android.view.ViewGroup[1]/android.widget.TextView[1]"}[39m
[35m[HTTP][39m [37m<-- POST /wd/hub/session/263dc9de-a11d-40f6-ad27-2e8831b7aca0/elements [39m[32m200[39m [90m100 ms - 139[39m
[35m[HTTP][39m [90m[39m
[35m[HTTP][39m [37m-->[39m [37mGET[39m [37m/wd/hub/session/263dc9de-a11d-40f6-ad27-2e8831b7aca0/element/00000000-0000-006a-7fff-ffff00000186/location[39m
[35m[HTTP][39m [90m{}[39m
[35m[W3C (263dc9de)][39m Driver proxy active, passing request on via HTTP proxy
[35m[WD Proxy][39m Replacing sessionId 6516ff17-db5a-4f7a-8334-3cbc6077ff36 with 263dc9de-a11d-40f6-ad27-2e8831b7aca0
[35m[HTTP][39m [37m<-- GET /wd/hub/session/263dc9de-a11d-40f6-ad27-2e8831b7aca0/element/00000000-0000-006a-7fff-ffff00000186/location [39m[32m200[39m [90m25 ms - 76[39m
[35m[HTTP][39m [90m[39m
[35m[HTTP][39m [37m-->[39m [37mPOST[39m [37m/wd/hub/session/263dc9de-a11d-40f6-ad27-2e8831b7aca0/timeouts[39m
[35m[HTTP][39m [90m{"implicit":30000}[39m
[35m[HTTP][39m [37m<-- POST /wd/hub/session/263dc9de-a11d-40f6-ad27-2e8831b7aca0/timeouts [39m[32m200[39m [90m1 ms - 14[39m
[35m[HTTP][39m [90m[39m
[35m[HTTP][39m [37m-->[39m [37mPOST[39m [37m/wd/hub/session/263dc9de-a11d-40f6-ad27-2e8831b7aca0/timeouts[39m
[35m[HTTP][39m [90m{"implicit":50}[39m
[35m[HTTP][39m [37m<-- POST /wd/hub/session/263dc9de-a11d-40f6-ad27-2e8831b7aca0/timeouts [39m[32m200[39m [90m1 ms - 14[39m
[35m[HTTP][39m [90m[39m
[35m[HTTP][39m [37m-->[39m [37mGET[39m [37m/wd/hub/session/263dc9de-a11d-40f6-ad27-2e8831b7aca0/window/rect[39m
[35m[HTTP][39m [90m{}[39m
[35m[HTTP][39m [37m<-- GET /wd/hub/session/263dc9de-a11d-40f6-ad27-2e8831b7aca0/window/rect [39m[32m200[39m [90m10 ms - 50[39m
[35m[HTTP][39m [90m[39m
[35m[HTTP][39m [37m-->[39m [37mPOST[39m [37m/wd/hub/session/263dc9de-a11d-40f6-ad27-2e8831b7aca0/elements[39m
[35m[HTTP][39m [90m{"using":"xpath","value":"//*[@class = 'android.widget.TextView' and @resource-id = 'com.solodroid.solomerce:id/search' and (@text = '' or . = '')]"}[39m
[35m[HTTP][39m [37m<-- POST /wd/hub/session/263dc9de-a11d-40f6-ad27-2e8831b7aca0/elements [39m[32m200[39m [90m72 ms - 139[39m
[35m[HTTP][39m [90m[39m
[35m[HTTP][39m [37m-->[39m [37mGET[39m [37m/wd/hub/session/263dc9de-a11d-40f6-ad27-2e8831b7aca0/element/00000000-0000-006a-7fff-ffff0000025a/location[39m
[35m[HTTP][39m [90m{}[39m
[35m[W3C (263dc9de)][39m Driver proxy active, passing request on via HTTP proxy
[35m[WD Proxy][39m Replacing sessionId 6516ff17-db5a-4f7a-8334-3cbc6077ff36 with 263dc9de-a11d-40f6-ad27-2e8831b7aca0
[35m[HTTP][39m [37m<-- GET /wd/hub/session/263dc9de-a11d-40f6-ad27-2e8831b7aca0/element/00000000-0000-006a-7fff-ffff0000025a/location [39m[32m200[39m [90m20 ms - 77[39m
[35m[HTTP][39m [90m[39m
[35m[HTTP][39m [37m-->[39m [37mPOST[39m [37m/wd/hub/session/263dc9de-a11d-40f6-ad27-2e8831b7aca0/timeouts[39m
[35m[HTTP][39m [90m{"implicit":30000}[39m
[35m[HTTP][39m [37m<-- POST /wd/hub/session/263dc9de-a11d-40f6-ad27-2e8831b7aca0/timeouts [39m[32m200[39m [90m1 ms - 14[39m
[35m[HTTP][39m [90m[39m
[35m[HTTP][39m [37m-->[39m [37mPOST[39m [37m/wd/hub/session/263dc9de-a11d-40f6-ad27-2e8831b7aca0/element/00000000-0000-006a-7fff-ffff0000025a/click[39m
[35m[HTTP][39m [90m{"id":"00000000-0000-006a-7fff-ffff0000025a"}[39m
[35m[HTTP][39m [37m<-- POST /wd/hub/session/263dc9de-a11d-40f6-ad27-2e8831b7aca0/element/00000000-0000-006a-7fff-ffff0000025a/click [39m[32m200[39m [90m25 ms - 14[39m
[35m[HTTP][39m [90m[39m
[35m[HTTP][39m [37m-->[39m [37mPOST[39m [37m/wd/hub/session/263dc9de-a11d-40f6-ad27-2e8831b7aca0/timeouts[39m
[35m[HTTP][39m [90m{"implicit":50}[39m
[35m[HTTP][39m [37m<-- POST /wd/hub/session/263dc9de-a11d-40f6-ad27-2e8831b7aca0/timeouts [39m[32m200[39m [90m3 ms - 14[39m
[35m[HTTP][39m [90m[39m
[35m[HTTP][39m [37m-->[39m [37mGET[39m [37m/wd/hub/session/263dc9de-a11d-40f6-ad27-2e8831b7aca0/window/rect[39m
[35m[HTTP][39m [90m{}[39m
[35m[HTTP][39m [37m<-- GET /wd/hub/session/263dc9de-a11d-40f6-ad27-2e8831b7aca0/window/rect [39m[32m200[39m [90m11 ms - 50[39m
[35m[HTTP][39m [90m[39m
[35m[HTTP][39m [37m-->[39m [37mPOST[39m [37m/wd/hub/session/263dc9de-a11d-40f6-ad27-2e8831b7aca0/elements[39m
[35m[HTTP][39m [90m{"using":"xpath","value":"//*[@class = 'android.widget.EditText' and (@text = 'Search…' or . = 'Search…') and @resource-id = 'com.solodroid.solomerce:id/search_src_text']"}[39m
[35m[HTTP][39m [37m<-- POST /wd/hub/session/263dc9de-a11d-40f6-ad27-2e8831b7aca0/elements [39m[32m200[39m [90m998 ms - 139[39m
[35m[HTTP][39m [90m[39m
[35m[HTTP][39m [37m-->[39m [37mGET[39m [37m/wd/hub/session/263dc9de-a11d-40f6-ad27-2e8831b7aca0/element/00000000-0000-006a-7fff-ffff00000268/location[39m
[35m[HTTP][39m [90m{}[39m
[35m[W3C (263dc9de)][39m Driver proxy active, passing request on via HTTP proxy
[35m[WD Proxy][39m Replacing sessionId 6516ff17-db5a-4f7a-8334-3cbc6077ff36 with 263dc9de-a11d-40f6-ad27-2e8831b7aca0
[35m[HTTP][39m [37m<-- GET /wd/hub/session/263dc9de-a11d-40f6-ad27-2e8831b7aca0/element/00000000-0000-006a-7fff-ffff00000268/location [39m[32m200[39m [90m17 ms - 77[39m
[35m[HTTP][39m [90m[39m
[35m[HTTP][39m [37m-->[39m [37mPOST[39m [37m/wd/hub/session/263dc9de-a11d-40f6-ad27-2e8831b7aca0/timeouts[39m
[35m[HTTP][39m [90m{"implicit":30000}[39m
[35m[HTTP][39m [37m<-- POST /wd/hub/session/263dc9de-a11d-40f6-ad27-2e8831b7aca0/timeouts [39m[32m200[39m [90m1 ms - 14[39m
[35m[HTTP][39m [90m[39m
[35m[HTTP][39m [37m-->[39m [37mPOST[39m [37m/wd/hub/session/263dc9de-a11d-40f6-ad27-2e8831b7aca0/element/00000000-0000-006a-7fff-ffff00000268/clear[39m
[35m[HTTP][39m [90m{"id":"00000000-0000-006a-7fff-ffff00000268"}[39m
[35m[HTTP][39m [37m<-- POST /wd/hub/session/263dc9de-a11d-40f6-ad27-2e8831b7aca0/element/00000000-0000-006a-7fff-ffff00000268/clear [39m[32m200[39m [90m27 ms - 14[39m
[35m[HTTP][39m [90m[39m
[35m[HTTP][39m [37m-->[39m [37mPOST[39m [37m/wd/hub/session/263dc9de-a11d-40f6-ad27-2e8831b7aca0/element/00000000-0000-006a-7fff-ffff00000268/value[39m
[35m[HTTP][39m [90m{"id":"00000000-0000-006a-7fff-ffff00000268","text":"Pay","value":["P","a","y"]}[39m
[35m[HTTP][39m [37m<-- POST /wd/hub/session/263dc9de-a11d-40f6-ad27-2e8831b7aca0/element/00000000-0000-006a-7fff-ffff00000268/value [39m[32m200[39m [90m1321 ms - 14[39m
[35m[HTTP][39m [90m[39m
[35m[HTTP][39m [37m-->[39m [37mPOST[39m [37m/wd/hub/session/263dc9de-a11d-40f6-ad27-2e8831b7aca0/timeouts[39m
[35m[HTTP][39m [90m{"implicit":50}[39m
[35m[HTTP][39m [37m<-- POST /wd/hub/session/263dc9de-a11d-40f6-ad27-2e8831b7aca0/timeouts [39m[32m200[39m [90m2 ms - 14[39m
[35m[HTTP][39m [90m[39m
[35m[HTTP][39m [37m-->[39m [37mGET[39m [37m/wd/hub/session/263dc9de-a11d-40f6-ad27-2e8831b7aca0/window/rect[39m
[35m[HTTP][39m [90m{}[39m
[35m[HTTP][39m [37m<-- GET /wd/hub/session/263dc9de-a11d-40f6-ad27-2e8831b7aca0/window/rect [39m[32m200[39m [90m15 ms - 50[39m
[35m[HTTP][39m [90m[39m
[35m[HTTP][39m [37m-->[39m [37mPOST[39m [37m/wd/hub/session/263dc9de-a11d-40f6-ad27-2e8831b7aca0/elements[39m
[35m[HTTP][39m [90m{"using":"xpath","value":"//*[@class = 'android.widget.ImageView' and @resource-id = 'com.solodroid.solomerce:id/search_close_btn' and (@text = '' or . = '')]"}[39m
[35m[HTTP][39m [37m<-- POST /wd/hub/session/263dc9de-a11d-40f6-ad27-2e8831b7aca0/elements [39m[32m200[39m [90m575 ms - 139[39m
[35m[HTTP][39m [90m[39m
[35m[HTTP][39m [37m-->[39m [37mGET[39m [37m/wd/hub/session/263dc9de-a11d-40f6-ad27-2e8831b7aca0/element/00000000-0000-006a-7fff-ffff0000026e/location[39m
[35m[HTTP][39m [90m{}[39m
[35m[W3C (263dc9de)][39m Driver proxy active, passing request on via HTTP proxy
[35m[WD Proxy][39m Replacing sessionId 6516ff17-db5a-4f7a-8334-3cbc6077ff36 with 263dc9de-a11d-40f6-ad27-2e8831b7aca0
[35m[HTTP][39m [37m<-- GET /wd/hub/session/263dc9de-a11d-40f6-ad27-2e8831b7aca0/element/00000000-0000-006a-7fff-ffff0000026e/location [39m[32m200[39m [90m15 ms - 77[39m
[35m[HTTP][39m [90m[39m
[35m[HTTP][39m [37m-->[39m [37mPOST[39m [37m/wd/hub/session/263dc9de-a11d-40f6-ad27-2e8831b7aca0/timeouts[39m
[35m[HTTP][39m [90m{"implicit":30000}[39m
[35m[HTTP][39m [37m<-- POST /wd/hub/session/263dc9de-a11d-40f6-ad27-2e8831b7aca0/timeouts [39m[32m200[39m [90m1 ms - 14[39m
[35m[HTTP][39m [90m[39m
[35m[HTTP][39m [37m-->[39m [37mPOST[39m [37m/wd/hub/session/263dc9de-a11d-40f6-ad27-2e8831b7aca0/element/00000000-0000-006a-7fff-ffff0000026e/click[39m
[35m[HTTP][39m [90m{"id":"00000000-0000-006a-7fff-ffff0000026e"}[39m
[35m[HTTP][39m [37m<-- POST /wd/hub/session/263dc9de-a11d-40f6-ad27-2e8831b7aca0/element/00000000-0000-006a-7fff-ffff0000026e/click [39m[32m200[39m [90m24 ms - 14[39m
[35m[HTTP][39m [90m[39m
[35m[HTTP][39m [37m-->[39m [37mPOST[39m [37m/wd/hub/session/263dc9de-a11d-40f6-ad27-2e8831b7aca0/timeouts[39m
[35m[HTTP][39m [90m{"implicit":50}[39m
[35m[HTTP][39m [37m<-- POST /wd/hub/session/263dc9de-a11d-40f6-ad27-2e8831b7aca0/timeouts [39m[32m200[39m [90m2 ms - 14[39m
[35m[HTTP][39m [90m[39m
[35m[HTTP][39m [37m-->[39m [37mGET[39m [37m/wd/hub/session/263dc9de-a11d-40f6-ad27-2e8831b7aca0/window/rect[39m
[35m[HTTP][39m [90m{}[39m
[35m[HTTP][39m [37m<-- GET /wd/hub/session/263dc9de-a11d-40f6-ad27-2e8831b7aca0/window/rect [39m[32m200[39m [90m25 ms - 50[39m
[35m[HTTP][39m [90m[39m
[35m[HTTP][39m [37m-->[39m [37mPOST[39m [37m/wd/hub/session/263dc9de-a11d-40f6-ad27-2e8831b7aca0/elements[39m
[35m[HTTP][39m [90m{"using":"xpath","value":"//*[@class = 'android.widget.EditText' and (@text = 'Search…' or . = 'Search…') and @resource-id = 'com.solodroid.solomerce:id/search_src_text']"}[39m
[35m[HTTP][39m [37m<-- POST /wd/hub/session/263dc9de-a11d-40f6-ad27-2e8831b7aca0/elements [39m[32m200[39m [90m673 ms - 139[39m
[35m[HTTP][39m [90m[39m
[35m[HTTP][39m [37m-->[39m [37mGET[39m [37m/wd/hub/session/263dc9de-a11d-40f6-ad27-2e8831b7aca0/element/00000000-0000-006a-7fff-ffff00000268/location[39m
[35m[HTTP][39m [90m{}[39m
[35m[W3C (263dc9de)][39m Driver proxy active, passing request on via HTTP proxy
[35m[WD Proxy][39m Replacing sessionId 6516ff17-db5a-4f7a-8334-3cbc6077ff36 with 263dc9de-a11d-40f6-ad27-2e8831b7aca0
[35m[HTTP][39m [37m<-- GET /wd/hub/session/263dc9de-a11d-40f6-ad27-2e8831b7aca0/element/00000000-0000-006a-7fff-ffff00000268/location [39m[32m200[39m [90m17 ms - 77[39m
[35m[HTTP][39m [90m[39m
[35m[HTTP][39m [37m-->[39m [37mPOST[39m [37m/wd/hub/session/263dc9de-a11d-40f6-ad27-2e8831b7aca0/timeouts[39m
[35m[HTTP][39m [90m{"implicit":30000}[39m
[35m[HTTP][39m [37m<-- POST /wd/hub/session/263dc9de-a11d-40f6-ad27-2e8831b7aca0/timeouts [39m[32m200[39m [90m2 ms - 14[39m
[35m[HTTP][39m [90m[39m
[35m[HTTP][39m [37m-->[39m [37mPOST[39m [37m/wd/hub/session/263dc9de-a11d-40f6-ad27-2e8831b7aca0/element/00000000-0000-006a-7fff-ffff00000268/clear[39m
[35m[HTTP][39m [90m{"id":"00000000-0000-006a-7fff-ffff00000268"}[39m
[35m[HTTP][39m [37m<-- POST /wd/hub/session/263dc9de-a11d-40f6-ad27-2e8831b7aca0/element/00000000-0000-006a-7fff-ffff00000268/clear [39m[32m200[39m [90m27 ms - 14[39m
[35m[HTTP][39m [90m[39m
[35m[HTTP][39m [37m-->[39m [37mPOST[39m [37m/wd/hub/session/263dc9de-a11d-40f6-ad27-2e8831b7aca0/element/00000000-0000-006a-7fff-ffff00000268/value[39m
[35m[HTTP][39m [90m{"id":"00000000-0000-006a-7fff-ffff00000268","text":"Pay","value":["P","a","y"]}[39m
[35m[HTTP][39m [37m<-- POST /wd/hub/session/263dc9de-a11d-40f6-ad27-2e8831b7aca0/element/00000000-0000-006a-7fff-ffff00000268/value [39m[32m200[39m [90m1323 ms - 14[39m
[35m[HTTP][39m [90m[39m
[35m[HTTP][39m [37m-->[39m [37mPOST[39m [37m/wd/hub/session/263dc9de-a11d-40f6-ad27-2e8831b7aca0/timeouts[39m
[35m[HTTP][39m [90m{"implicit":50}[39m
[35m[HTTP][39m [37m<-- POST /wd/hub/session/263dc9de-a11d-40f6-ad27-2e8831b7aca0/timeouts [39m[32m200[39m [90m2 ms - 14[39m
[35m[HTTP][39m [90m[39m
[35m[HTTP][39m [37m-->[39m [37mGET[39m [37m/wd/hub/session/263dc9de-a11d-40f6-ad27-2e8831b7aca0/window/rect[39m
[35m[HTTP][39m [90m{}[39m
[35m[HTTP][39m [37m<-- GET /wd/hub/session/263dc9de-a11d-40f6-ad27-2e8831b7aca0/window/rect [39m[32m200[39m [90m14 ms - 50[39m
[35m[HTTP][39m [90m[39m
[35m[HTTP][39m [37m-->[39m [37mPOST[39m [37m/wd/hub/session/263dc9de-a11d-40f6-ad27-2e8831b7aca0/elements[39m
[35m[HTTP][39m [90m{"using":"xpath","value":"//hierarchy/android.widget.FrameLayout[1]/android.widget.LinearLayout[1]/android.widget.FrameLayout[1]/android.widget.LinearLayout[1]/android.widget.FrameLayout[1]/android.widget.RelativeLayout[1]/android.view.ViewGroup[1]/androidx.viewpager.widget.ViewPager[1]/android.widget.LinearLayout[1]/android.view.ViewGroup[1]/androidx.recyclerview.widget.RecyclerView[1]/android.widget.FrameLayout[1]/android.widget.RelativeLayout[1]"}[39m
[35m[HTTP][39m [37m<-- POST /wd/hub/session/263dc9de-a11d-40f6-ad27-2e8831b7aca0/elements [39m[32m200[39m [90m591 ms - 139[39m
[35m[HTTP][39m [90m[39m
[35m[HTTP][39m [37m-->[39m [37mGET[39m [37m/wd/hub/session/263dc9de-a11d-40f6-ad27-2e8831b7aca0/element/00000000-0000-006a-7fff-ffff000001fe/location[39m
[35m[HTTP][39m [90m{}[39m
[35m[W3C (263dc9de)][39m Driver proxy active, passing request on via HTTP proxy
[35m[WD Proxy][39m Replacing sessionId 6516ff17-db5a-4f7a-8334-3cbc6077ff36 with 263dc9de-a11d-40f6-ad27-2e8831b7aca0
[35m[HTTP][39m [37m<-- GET /wd/hub/session/263dc9de-a11d-40f6-ad27-2e8831b7aca0/element/00000000-0000-006a-7fff-ffff000001fe/location [39m[32m200[39m [90m23 ms - 77[39m
[35m[HTTP][39m [90m[39m
[35m[HTTP][39m [37m-->[39m [37mPOST[39m [37m/wd/hub/session/263dc9de-a11d-40f6-ad27-2e8831b7aca0/timeouts[39m
[35m[HTTP][39m [90m{"implicit":30000}[39m
[35m[HTTP][39m [37m<-- POST /wd/hub/session/263dc9de-a11d-40f6-ad27-2e8831b7aca0/timeouts [39m[32m200[39m [90m1 ms - 14[39m
[35m[HTTP][39m [90m[39m
[35m[HTTP][39m [37m-->[39m [37mPOST[39m [37m/wd/hub/session/263dc9de-a11d-40f6-ad27-2e8831b7aca0/element/00000000-0000-006a-7fff-ffff000001fe/click[39m
[35m[HTTP][39m [90m{"id":"00000000-0000-006a-7fff-ffff000001fe"}[39m
[35m[HTTP][39m [37m<-- POST /wd/hub/session/263dc9de-a11d-40f6-ad27-2e8831b7aca0/element/00000000-0000-006a-7fff-ffff000001fe/click [39m[32m200[39m [90m23 ms - 14[39m
[35m[HTTP][39m [90m[39m
[35m[HTTP][39m [37m-->[39m [37mPOST[39m [37m/wd/hub/session/263dc9de-a11d-40f6-ad27-2e8831b7aca0/timeouts[39m
[35m[HTTP][39m [90m{"implicit":50}[39m
[35m[HTTP][39m [37m<-- POST /wd/hub/session/263dc9de-a11d-40f6-ad27-2e8831b7aca0/timeouts [39m[32m200[39m [90m3 ms - 14[39m
[35m[HTTP][39m [90m[39m
[35m[HTTP][39m [37m-->[39m [37mGET[39m [37m/wd/hub/session/263dc9de-a11d-40f6-ad27-2e8831b7aca0/window/rect[39m
[35m[HTTP][39m [90m{}[39m
[35m[HTTP][39m [37m<-- GET /wd/hub/session/263dc9de-a11d-40f6-ad27-2e8831b7aca0/window/rect [39m[32m200[39m [90m19 ms - 50[39m
[35m[HTTP][39m [90m[39m
[35m[HTTP][39m [37m-->[39m [37mPOST[39m [37m/wd/hub/session/263dc9de-a11d-40f6-ad27-2e8831b7aca0/elements[39m
[35m[HTTP][39m [90m{"using":"xpath","value":"//*[@class = 'android.widget.TextView' and (@text = 'Payment' or . = 'Payment')]"}[39m
[35m[HTTP][39m [37m<-- POST /wd/hub/session/263dc9de-a11d-40f6-ad27-2e8831b7aca0/elements [39m[32m200[39m [90m1342 ms - 139[39m
[35m[HTTP][39m [90m[39m
[35m[HTTP][39m [37m-->[39m [37mGET[39m [37m/wd/hub/session/263dc9de-a11d-40f6-ad27-2e8831b7aca0/element/00000000-0000-0073-7fff-ffff00000275/location[39m
[35m[HTTP][39m [90m{}[39m
[35m[W3C (263dc9de)][39m Driver proxy active, passing request on via HTTP proxy
[35m[WD Proxy][39m Replacing sessionId 6516ff17-db5a-4f7a-8334-3cbc6077ff36 with 263dc9de-a11d-40f6-ad27-2e8831b7aca0
[35m[HTTP][39m [37m<-- GET /wd/hub/session/263dc9de-a11d-40f6-ad27-2e8831b7aca0/element/00000000-0000-0073-7fff-ffff00000275/location [39m[32m200[39m [90m511 ms - 77[39m
[35m[HTTP][39m [90m[39m
[35m[HTTP][39m [37m-->[39m [37mPOST[39m [37m/wd/hub/session/263dc9de-a11d-40f6-ad27-2e8831b7aca0/timeouts[39m
[35m[HTTP][39m [90m{"implicit":30000}[39m
[35m[HTTP][39m [37m<-- POST /wd/hub/session/263dc9de-a11d-40f6-ad27-2e8831b7aca0/timeouts [39m[32m200[39m [90m1 ms - 14[39m
[35m[HTTP][39m [90m[39m
[35m[HTTP][39m [37m-->[39m [37mGET[39m [37m/wd/hub/session/263dc9de-a11d-40f6-ad27-2e8831b7aca0/context[39m
[35m[HTTP][39m [90m{}[39m
[35m[HTTP][39m [37m<-- GET /wd/hub/session/263dc9de-a11d-40f6-ad27-2e8831b7aca0/context [39m[32m200[39m [90m1 ms - 22[39m
[35m[HTTP][39m [90m[39m
[35m[HTTP][39m [37m-->[39m [37mGET[39m [37m/wd/hub/session/263dc9de-a11d-40f6-ad27-2e8831b7aca0/contexts[39m
[35m[HTTP][39m [90m{}[39m
[35m[HTTP][39m [37m<-- GET /wd/hub/session/263dc9de-a11d-40f6-ad27-2e8831b7aca0/contexts [39m[32m200[39m [90m55 ms - 24[39m
[35m[HTTP][39m [90m[39m
[35m[HTTP][39m [37m-->[39m [37mPOST[39m [37m/wd/hub/session/263dc9de-a11d-40f6-ad27-2e8831b7aca0/context[39m
[35m[HTTP][39m [90m{"name":"NATIVE_APP"}[39m
[35m[HTTP][39m [37m<-- POST /wd/hub/session/263dc9de-a11d-40f6-ad27-2e8831b7aca0/context [39m[32m200[39m [90m2 ms - 14[39m
[35m[HTTP][39m [90m[39m
[35m[HTTP][39m [37m-->[39m [37mPOST[39m [37m/wd/hub/session/263dc9de-a11d-40f6-ad27-2e8831b7aca0/appium/device/press_keycode[39m
[35m[HTTP][39m [90m{"keycode":4}[39m
[35m[HTTP][39m [37m<-- POST /wd/hub/session/263dc9de-a11d-40f6-ad27-2e8831b7aca0/appium/device/press_keycode [39m[32m200[39m [90m33 ms - 14[39m
[35m[HTTP][39m [90m[39m
[35m[HTTP][39m [37m-->[39m [37mPOST[39m [37m/wd/hub/session/263dc9de-a11d-40f6-ad27-2e8831b7aca0/context[39m
[35m[HTTP][39m [90m{"name":"NATIVE_APP"}[39m
[35m[HTTP][39m [37m<-- POST /wd/hub/session/263dc9de-a11d-40f6-ad27-2e8831b7aca0/context [39m[32m200[39m [90m1 ms - 14[39m
[35m[HTTP][39m [90m[39m
[35m[HTTP][39m [37m-->[39m [37mDELETE[39m [37m/wd/hub/session/263dc9de-a11d-40f6-ad27-2e8831b7aca0[39m
[35m[HTTP][39m [90m{}[39m
[35m[Appium][39m Removing session 263dc9de-a11d-40f6-ad27-2e8831b7aca0 from our master session list
[35m[HTTP][39m [37m<-- DELETE /wd/hub/session/263dc9de-a11d-40f6-ad27-2e8831b7aca0 [39m[32m200[39m [90m697 ms - 14[39m
[35m[HTTP][39m [90m[39m
